[2025-09-14 13:33:22] Исправление ошибок компиляции завершено
[2025-09-14 13:33:31] Исправление ошибок выполнения завершено
[2025-09-14 13:33:31] Исправление ошибок ассетов завершено
[2025-09-14 13:33:43] Исправление ошибок памяти завершено
[2025-09-14 13:34:02] Запуск непрерывного мониторинга ошибок Unity
[2025-09-14 13:34:14] Исправление ошибок компиляции завершено
[2025-09-14 13:34:22] Исправление ошибок выполнения завершено
[2025-09-14 13:34:22] Исправление ошибок ассетов завершено
[2025-09-14 13:34:35] Исправление ошибок памяти завершено
[2025-09-14 13:34:35] Исправление ошибок #1 завершено
[2025-09-14 13:35:15] Исправление ошибок компиляции завершено
[2025-09-14 13:35:22] Исправление ошибок выполнения завершено
[2025-09-14 13:35:23] Исправление ошибок ассетов завершено
[2025-09-14 13:35:34] Исправление ошибок памяти завершено
[2025-09-14 13:35:34] Исправление ошибок #2 завершено
[2025-09-14 13:36:14] Исправление ошибок компиляции завершено
[2025-09-14 13:36:21] Исправление ошибок выполнения завершено
[2025-09-14 13:36:21] Исправление ошибок ассетов завершено
[2025-09-14 13:36:32] Исправление ошибок памяти завершено
[2025-09-14 13:36:32] Исправление ошибок #3 завершено
[2025-09-14 13:37:13] Исправление ошибок компиляции завершено
[2025-09-14 13:37:20] Исправление ошибок выполнения завершено
[2025-09-14 13:37:20] Исправление ошибок ассетов завершено
[2025-09-14 13:37:31] Исправление ошибок памяти завершено
[2025-09-14 13:37:32] Исправление ошибок #4 завершено
[2025-09-14 13:38:12] Исправление ошибок компиляции завершено
[2025-09-14 13:38:19] Исправление ошибок выполнения завершено
[2025-09-14 13:38:20] Исправление ошибок ассетов завершено
[2025-09-14 13:38:31] Исправление ошибок памяти завершено
[2025-09-14 13:38:31] Исправление ошибок #5 завершено
[2025-09-14 13:39:11] Исправление ошибок компиляции завершено
[2025-09-14 13:39:18] Исправление ошибок выполнения завершено
[2025-09-14 13:39:19] Исправление ошибок ассетов завершено
[2025-09-14 13:39:30] Исправление ошибок памяти завершено
[2025-09-14 13:39:30] Исправление ошибок #6 завершено
[2025-09-14 13:40:09] Исправление ошибок компиляции завершено
[2025-09-14 13:40:16] Исправление ошибок выполнения завершено
[2025-09-14 13:40:17] Исправление ошибок ассетов завершено
[2025-09-14 13:40:28] Исправление ошибок памяти завершено
[2025-09-14 13:40:28] Исправление ошибок #7 завершено
[2025-09-14 13:41:08] Исправление ошибок компиляции завершено
[2025-09-14 13:41:15] Исправление ошибок выполнения завершено
[2025-09-14 13:41:16] Исправление ошибок ассетов завершено
[2025-09-14 13:41:27] Исправление ошибок памяти завершено
[2025-09-14 13:41:27] Исправление ошибок #8 завершено
[2025-09-14 13:42:07] Исправление ошибок компиляции завершено
[2025-09-14 13:42:14] Исправление ошибок выполнения завершено
[2025-09-14 13:42:14] Исправление ошибок ассетов завершено
[2025-09-14 13:42:26] Исправление ошибок памяти завершено
[2025-09-14 13:42:26] Исправление ошибок #9 завершено
[2025-09-14 13:43:06] Исправление ошибок компиляции завершено
[2025-09-14 13:43:13] Исправление ошибок выполнения завершено
[2025-09-14 13:43:14] Исправление ошибок ассетов завершено
[2025-09-14 13:43:25] Исправление ошибок памяти завершено
[2025-09-14 13:43:25] Исправление ошибок #10 завершено
[2025-09-14 13:44:06] Исправление ошибок компиляции завершено
[2025-09-14 13:44:13] Исправление ошибок выполнения завершено
[2025-09-14 13:44:13] Исправление ошибок ассетов завершено
[2025-09-14 13:44:25] Исправление ошибок памяти завершено
[2025-09-14 13:44:25] Исправление ошибок #11 завершено
[2025-09-14 13:45:05] Исправление ошибок компиляции завершено
[2025-09-14 13:45:12] Исправление ошибок выполнения завершено
[2025-09-14 13:45:13] Исправление ошибок ассетов завершено
[2025-09-14 13:45:24] Исправление ошибок памяти завершено
[2025-09-14 13:45:24] Исправление ошибок #12 завершено
[2025-09-14 13:46:04] Исправление ошибок компиляции завершено
[2025-09-14 13:46:12] Исправление ошибок выполнения завершено
[2025-09-14 13:46:12] Исправление ошибок ассетов завершено
[2025-09-14 13:46:23] Исправление ошибок памяти завершено
[2025-09-14 13:46:23] Исправление ошибок #13 завершено
[2025-09-14 13:47:04] Исправление ошибок компиляции завершено
[2025-09-14 13:47:11] Исправление ошибок выполнения завершено
[2025-09-14 13:47:11] Исправление ошибок ассетов завершено
[2025-09-14 13:47:23] Исправление ошибок памяти завершено
[2025-09-14 13:47:23] Исправление ошибок #14 завершено
[2025-09-14 13:48:03] Исправление ошибок компиляции завершено
[2025-09-14 13:48:11] Исправление ошибок выполнения завершено
[2025-09-14 13:48:11] Исправление ошибок ассетов завершено
[2025-09-14 13:48:23] Исправление ошибок памяти завершено
[2025-09-14 13:48:23] Исправление ошибок #15 завершено
[2025-09-14 13:49:03] Исправление ошибок компиляции завершено
[2025-09-14 13:49:10] Исправление ошибок выполнения завершено
[2025-09-14 13:49:11] Исправление ошибок ассетов завершено
[2025-09-14 13:49:22] Исправление ошибок памяти завершено
[2025-09-14 13:49:22] Исправление ошибок #16 завершено
[2025-09-14 13:50:02] Исправление ошибок компиляции завершено
[2025-09-14 13:50:10] Исправление ошибок выполнения завершено
[2025-09-14 13:50:10] Исправление ошибок ассетов завершено
[2025-09-14 13:50:22] Исправление ошибок памяти завершено
[2025-09-14 13:50:22] Исправление ошибок #17 завершено
[2025-09-14 13:51:02] Исправление ошибок компиляции завершено
[2025-09-14 13:51:10] Исправление ошибок выполнения завершено
[2025-09-14 13:51:10] Исправление ошибок ассетов завершено
[2025-09-14 13:51:21] Исправление ошибок памяти завершено
[2025-09-14 13:51:21] Исправление ошибок #18 завершено
[2025-09-14 13:52:01] Исправление ошибок компиляции завершено
[2025-09-14 13:52:09] Исправление ошибок выполнения завершено
[2025-09-14 13:52:09] Исправление ошибок ассетов завершено
[2025-09-14 13:52:21] Исправление ошибок памяти завершено
[2025-09-14 13:52:21] Исправление ошибок #19 завершено
[2025-09-14 13:53:01] Исправление ошибок компиляции завершено
[2025-09-14 13:53:09] Исправление ошибок выполнения завершено
[2025-09-14 13:53:09] Исправление ошибок ассетов завершено
[2025-09-14 13:53:21] Исправление ошибок памяти завершено
[2025-09-14 13:53:21] Исправление ошибок #20 завершено
[2025-09-14 13:54:01] Исправление ошибок компиляции завершено
[2025-09-14 13:54:09] Исправление ошибок выполнения завершено
[2025-09-14 13:54:09] Исправление ошибок ассетов завершено
[2025-09-14 13:54:20] Исправление ошибок памяти завершено
[2025-09-14 13:54:20] Исправление ошибок #21 завершено
[2025-09-14 13:55:01] Исправление ошибок компиляции завершено
[2025-09-14 13:55:09] Исправление ошибок выполнения завершено
[2025-09-14 13:55:09] Исправление ошибок ассетов завершено
[2025-09-14 13:55:21] Исправление ошибок памяти завершено
[2025-09-14 13:55:21] Исправление ошибок #22 завершено
[2025-09-14 13:56:01] Исправление ошибок компиляции завершено
[2025-09-14 13:56:09] Исправление ошибок выполнения завершено
[2025-09-14 13:56:09] Исправление ошибок ассетов завершено
[2025-09-14 13:56:21] Исправление ошибок памяти завершено
[2025-09-14 13:56:21] Исправление ошибок #23 завершено
[2025-09-14 13:57:01] Исправление ошибок компиляции завершено
[2025-09-14 13:57:09] Исправление ошибок выполнения завершено
[2025-09-14 13:57:09] Исправление ошибок ассетов завершено
[2025-09-14 13:57:20] Исправление ошибок памяти завершено
[2025-09-14 13:57:20] Исправление ошибок #24 завершено
[2025-09-14 13:58:01] Исправление ошибок компиляции завершено
[2025-09-14 13:58:08] Исправление ошибок выполнения завершено
[2025-09-14 13:58:08] Исправление ошибок ассетов завершено
[2025-09-14 13:58:20] Исправление ошибок памяти завершено
[2025-09-14 13:58:20] Исправление ошибок #25 завершено
[2025-09-14 13:59:01] Исправление ошибок компиляции завершено
[2025-09-14 13:59:08] Исправление ошибок выполнения завершено
[2025-09-14 13:59:09] Исправление ошибок ассетов завершено
[2025-09-14 13:59:20] Исправление ошибок памяти завершено
[2025-09-14 13:59:20] Исправление ошибок #26 завершено
[2025-09-14 14:00:00] Исправление ошибок компиляции завершено
[2025-09-14 14:00:09] Исправление ошибок выполнения завершено
[2025-09-14 14:00:09] Исправление ошибок ассетов завершено
[2025-09-14 14:00:21] Исправление ошибок памяти завершено
[2025-09-14 14:00:21] Исправление ошибок #27 завершено
[2025-09-14 14:01:01] Исправление ошибок компиляции завершено
[2025-09-14 14:01:09] Исправление ошибок выполнения завершено
[2025-09-14 14:01:09] Исправление ошибок ассетов завершено
[2025-09-14 14:01:21] Исправление ошибок памяти завершено
[2025-09-14 14:01:21] Исправление ошибок #28 завершено
[2025-09-14 14:02:01] Исправление ошибок компиляции завершено
[2025-09-14 14:02:09] Исправление ошибок выполнения завершено
[2025-09-14 14:02:09] Исправление ошибок ассетов завершено
[2025-09-14 14:02:21] Исправление ошибок памяти завершено
[2025-09-14 14:02:21] Исправление ошибок #29 завершено
[2025-09-14 14:03:01] Исправление ошибок компиляции завершено
[2025-09-14 14:03:10] Исправление ошибок выполнения завершено
[2025-09-14 14:03:10] Исправление ошибок ассетов завершено
[2025-09-14 14:03:22] Исправление ошибок памяти завершено
[2025-09-14 14:03:22] Исправление ошибок #30 завершено
[2025-09-14 14:04:02] Исправление ошибок компиляции завершено
[2025-09-14 14:04:10] Исправление ошибок выполнения завершено
[2025-09-14 14:04:11] Исправление ошибок ассетов завершено
[2025-09-14 14:04:22] Исправление ошибок памяти завершено
[2025-09-14 14:04:22] Исправление ошибок #31 завершено
[2025-09-14 14:05:03] Исправление ошибок компиляции завершено
[2025-09-14 14:05:11] Исправление ошибок выполнения завершено
[2025-09-14 14:05:11] Исправление ошибок ассетов завершено
[2025-09-14 14:05:23] Исправление ошибок памяти завершено
[2025-09-14 14:05:23] Исправление ошибок #32 завершено
[2025-09-14 14:06:03] Исправление ошибок компиляции завершено
[2025-09-14 14:06:11] Исправление ошибок выполнения завершено
[2025-09-14 14:06:11] Исправление ошибок ассетов завершено
[2025-09-14 14:06:23] Исправление ошибок памяти завершено
[2025-09-14 14:06:23] Исправление ошибок #33 завершено
[2025-09-14 14:07:03] Исправление ошибок компиляции завершено
[2025-09-14 14:07:11] Исправление ошибок выполнения завершено
[2025-09-14 14:07:11] Исправление ошибок ассетов завершено
[2025-09-14 14:07:23] Исправление ошибок памяти завершено
[2025-09-14 14:07:23] Исправление ошибок #34 завершено
[2025-09-14 14:08:03] Исправление ошибок компиляции завершено
[2025-09-14 14:08:12] Исправление ошибок выполнения завершено
[2025-09-14 14:08:12] Исправление ошибок ассетов завершено
[2025-09-14 14:08:24] Исправление ошибок памяти завершено
[2025-09-14 14:08:24] Исправление ошибок #35 завершено
[2025-09-14 14:09:05] Исправление ошибок компиляции завершено
[2025-09-14 14:09:13] Исправление ошибок выполнения завершено
[2025-09-14 14:09:13] Исправление ошибок ассетов завершено
[2025-09-14 14:09:25] Исправление ошибок памяти завершено
[2025-09-14 14:09:25] Исправление ошибок #36 завершено
[2025-09-14 14:10:06] Исправление ошибок компиляции завершено
[2025-09-14 14:10:14] Исправление ошибок выполнения завершено
[2025-09-14 14:10:15] Исправление ошибок ассетов завершено
[2025-09-14 14:10:26] Исправление ошибок памяти завершено
[2025-09-14 14:10:26] Исправление ошибок #37 завершено
[2025-09-14 14:11:07] Исправление ошибок компиляции завершено
[2025-09-14 14:11:15] Исправление ошибок выполнения завершено
[2025-09-14 14:11:15] Исправление ошибок ассетов завершено
[2025-09-14 14:11:27] Исправление ошибок памяти завершено
[2025-09-14 14:11:28] Исправление ошибок #38 завершено
[2025-09-14 14:12:07] Исправление ошибок компиляции завершено
[2025-09-14 14:12:16] Исправление ошибок выполнения завершено
[2025-09-14 14:12:16] Исправление ошибок ассетов завершено
[2025-09-14 14:12:28] Исправление ошибок памяти завершено
[2025-09-14 14:12:28] Исправление ошибок #39 завершено
[2025-09-14 14:13:08] Исправление ошибок компиляции завершено
[2025-09-14 14:13:17] Исправление ошибок выполнения завершено
[2025-09-14 14:13:17] Исправление ошибок ассетов завершено
[2025-09-14 14:13:30] Исправление ошибок памяти завершено
[2025-09-14 14:13:30] Исправление ошибок #40 завершено
[2025-09-14 14:14:10] Исправление ошибок компиляции завершено
[2025-09-14 14:14:18] Исправление ошибок выполнения завершено
[2025-09-14 14:14:19] Исправление ошибок ассетов завершено
[2025-09-14 14:14:30] Исправление ошибок памяти завершено
[2025-09-14 14:14:30] Исправление ошибок #41 завершено
[2025-09-14 14:15:10] Исправление ошибок компиляции завершено
[2025-09-14 14:15:19] Исправление ошибок выполнения завершено
[2025-09-14 14:15:19] Исправление ошибок ассетов завершено
[2025-09-14 14:15:31] Исправление ошибок памяти завершено
[2025-09-14 14:15:31] Исправление ошибок #42 завершено
[2025-09-14 14:16:11] Исправление ошибок компиляции завершено
[2025-09-14 14:16:20] Исправление ошибок выполнения завершено
[2025-09-14 14:16:20] Исправление ошибок ассетов завершено
[2025-09-14 14:16:32] Исправление ошибок памяти завершено
[2025-09-14 14:16:32] Исправление ошибок #43 завершено
[2025-09-14 14:17:12] Исправление ошибок компиляции завершено
[2025-09-14 14:17:21] Исправление ошибок выполнения завершено
[2025-09-14 14:17:22] Исправление ошибок ассетов завершено
[2025-09-14 14:17:33] Исправление ошибок памяти завершено
[2025-09-14 14:17:33] Исправление ошибок #44 завершено
[2025-09-14 14:18:14] Исправление ошибок компиляции завершено
[2025-09-14 14:18:22] Исправление ошибок выполнения завершено
[2025-09-14 14:18:23] Исправление ошибок ассетов завершено
[2025-09-14 14:18:34] Исправление ошибок памяти завершено
[2025-09-14 14:18:34] Исправление ошибок #45 завершено
[2025-09-14 14:19:14] Исправление ошибок компиляции завершено
[2025-09-14 14:19:24] Исправление ошибок выполнения завершено
[2025-09-14 14:19:24] Исправление ошибок ассетов завершено
[2025-09-14 14:19:35] Исправление ошибок памяти завершено
[2025-09-14 14:19:35] Исправление ошибок #46 завершено
[2025-09-14 14:20:16] Исправление ошибок компиляции завершено
[2025-09-14 14:20:25] Исправление ошибок выполнения завершено
[2025-09-14 14:20:25] Исправление ошибок ассетов завершено
[2025-09-14 14:20:37] Исправление ошибок памяти завершено
[2025-09-14 14:20:37] Исправление ошибок #47 завершено
[2025-09-14 14:21:17] Исправление ошибок компиляции завершено
[2025-09-14 14:21:26] Исправление ошибок выполнения завершено
[2025-09-14 14:21:26] Исправление ошибок ассетов завершено
[2025-09-14 14:21:38] Исправление ошибок памяти завершено
[2025-09-14 14:21:38] Исправление ошибок #48 завершено
[2025-09-14 14:22:19] Исправление ошибок компиляции завершено
[2025-09-14 14:22:27] Исправление ошибок выполнения завершено
[2025-09-14 14:22:28] Исправление ошибок ассетов завершено
[2025-09-14 14:22:40] Исправление ошибок памяти завершено
[2025-09-14 14:22:40] Исправление ошибок #49 завершено
[2025-09-14 14:23:20] Исправление ошибок компиляции завершено
[2025-09-14 14:23:30] Исправление ошибок выполнения завершено
[2025-09-14 14:23:30] Исправление ошибок ассетов завершено
[2025-09-14 14:23:42] Исправление ошибок памяти завершено
[2025-09-14 14:23:42] Исправление ошибок #50 завершено
[2025-09-14 14:24:22] Исправление ошибок компиляции завершено
[2025-09-14 14:24:31] Исправление ошибок выполнения завершено
[2025-09-14 14:24:31] Исправление ошибок ассетов завершено
[2025-09-14 14:24:43] Исправление ошибок памяти завершено
[2025-09-14 14:24:43] Исправление ошибок #51 завершено
[2025-09-14 14:25:23] Исправление ошибок компиляции завершено
[2025-09-14 14:25:32] Исправление ошибок выполнения завершено
[2025-09-14 14:25:33] Исправление ошибок ассетов завершено
[2025-09-14 14:25:45] Исправление ошибок памяти завершено
[2025-09-14 14:25:45] Исправление ошибок #52 завершено
[2025-09-14 14:26:25] Исправление ошибок компиляции завершено
[2025-09-14 14:26:35] Исправление ошибок выполнения завершено
[2025-09-14 14:26:35] Исправление ошибок ассетов завершено
[2025-09-14 14:26:47] Исправление ошибок памяти завершено
[2025-09-14 14:26:47] Исправление ошибок #53 завершено
[2025-09-14 14:27:27] Исправление ошибок компиляции завершено
[2025-09-14 14:27:36] Исправление ошибок выполнения завершено
[2025-09-14 14:27:36] Исправление ошибок ассетов завершено
[2025-09-14 14:27:48] Исправление ошибок памяти завершено
[2025-09-14 14:27:48] Исправление ошибок #54 завершено
[2025-09-14 14:28:29] Исправление ошибок компиляции завершено
[2025-09-14 14:28:38] Исправление ошибок выполнения завершено
[2025-09-14 14:28:38] Исправление ошибок ассетов завершено
[2025-09-14 14:28:50] Исправление ошибок памяти завершено
[2025-09-14 14:28:50] Исправление ошибок #55 завершено
[2025-09-14 14:29:31] Исправление ошибок компиляции завершено
[2025-09-14 14:29:40] Исправление ошибок выполнения завершено
[2025-09-14 14:29:40] Исправление ошибок ассетов завершено
[2025-09-14 14:29:52] Исправление ошибок памяти завершено
[2025-09-14 14:29:52] Исправление ошибок #56 завершено
[2025-09-14 14:30:32] Исправление ошибок компиляции завершено
[2025-09-14 14:30:41] Исправление ошибок выполнения завершено
[2025-09-14 14:30:41] Исправление ошибок ассетов завершено
[2025-09-14 14:30:53] Исправление ошибок памяти завершено
[2025-09-14 14:30:53] Исправление ошибок #57 завершено
[2025-09-14 14:31:33] Исправление ошибок компиляции завершено
[2025-09-14 14:31:43] Исправление ошибок выполнения завершено
[2025-09-14 14:31:43] Исправление ошибок ассетов завершено
[2025-09-14 14:31:55] Исправление ошибок памяти завершено
[2025-09-14 14:31:55] Исправление ошибок #58 завершено
[2025-09-14 14:32:35] Исправление ошибок компиляции завершено
[2025-09-14 14:32:44] Исправление ошибок выполнения завершено
[2025-09-14 14:32:44] Исправление ошибок ассетов завершено
[2025-09-14 14:32:56] Исправление ошибок памяти завершено
[2025-09-14 14:32:56] Исправление ошибок #59 завершено
[2025-09-14 14:33:36] Исправление ошибок компиляции завершено
[2025-09-14 14:33:46] Исправление ошибок выполнения завершено
[2025-09-14 14:33:46] Исправление ошибок ассетов завершено
[2025-09-14 14:33:58] Исправление ошибок памяти завершено
[2025-09-14 14:33:58] Исправление ошибок #60 завершено
[2025-09-14 14:34:39] Исправление ошибок компиляции завершено
[2025-09-14 14:34:48] Исправление ошибок выполнения завершено
[2025-09-14 14:34:48] Исправление ошибок ассетов завершено
[2025-09-14 14:35:00] Исправление ошибок памяти завершено
[2025-09-14 14:35:00] Исправление ошибок #61 завершено
[2025-09-14 14:35:40] Исправление ошибок компиляции завершено
[2025-09-14 14:35:50] Исправление ошибок выполнения завершено
[2025-09-14 14:35:50] Исправление ошибок ассетов завершено
[2025-09-14 14:36:03] Исправление ошибок памяти завершено
[2025-09-14 14:36:03] Исправление ошибок #62 завершено
[2025-09-14 14:36:43] Исправление ошибок компиляции завершено
[2025-09-14 14:36:53] Исправление ошибок выполнения завершено
[2025-09-14 14:36:53] Исправление ошибок ассетов завершено
[2025-09-14 14:37:05] Исправление ошибок памяти завершено
[2025-09-14 14:37:05] Исправление ошибок #63 завершено
[2025-09-14 14:37:45] Исправление ошибок компиляции завершено
[2025-09-14 14:37:54] Исправление ошибок выполнения завершено
[2025-09-14 14:37:55] Исправление ошибок ассетов завершено
[2025-09-14 14:38:07] Исправление ошибок памяти завершено
[2025-09-14 14:38:07] Исправление ошибок #64 завершено
[2025-09-14 14:38:47] Исправление ошибок компиляции завершено
[2025-09-14 14:38:57] Исправление ошибок выполнения завершено
[2025-09-14 14:38:57] Исправление ошибок ассетов завершено
[2025-09-14 14:39:09] Исправление ошибок памяти завершено
[2025-09-14 14:39:09] Исправление ошибок #65 завершено
[2025-09-14 14:39:50] Исправление ошибок компиляции завершено
[2025-09-14 14:39:59] Исправление ошибок выполнения завершено
[2025-09-14 14:40:00] Исправление ошибок ассетов завершено
[2025-09-14 14:40:12] Исправление ошибок памяти завершено
[2025-09-14 14:40:12] Исправление ошибок #66 завершено
[2025-09-14 14:40:52] Исправление ошибок компиляции завершено
[2025-09-14 14:41:02] Исправление ошибок выполнения завершено
[2025-09-14 14:41:02] Исправление ошибок ассетов завершено
[2025-09-14 14:41:15] Исправление ошибок памяти завершено
[2025-09-14 14:41:15] Исправление ошибок #67 завершено
[2025-09-14 14:41:55] Исправление ошибок компиляции завершено
[2025-09-14 14:42:04] Исправление ошибок выполнения завершено
[2025-09-14 14:42:04] Исправление ошибок ассетов завершено
[2025-09-14 14:42:17] Исправление ошибок памяти завершено
[2025-09-14 14:42:17] Исправление ошибок #68 завершено
[2025-09-14 14:42:57] Исправление ошибок компиляции завершено
[2025-09-14 14:43:07] Исправление ошибок выполнения завершено
[2025-09-14 14:43:07] Исправление ошибок ассетов завершено
[2025-09-14 14:43:19] Исправление ошибок памяти завершено
[2025-09-14 14:43:19] Исправление ошибок #69 завершено
[2025-09-14 14:43:59] Исправление ошибок компиляции завершено
[2025-09-14 14:44:09] Исправление ошибок выполнения завершено
[2025-09-14 14:44:09] Исправление ошибок ассетов завершено
[2025-09-14 14:44:21] Исправление ошибок памяти завершено
[2025-09-14 14:44:21] Исправление ошибок #70 завершено
[2025-09-14 14:45:02] Исправление ошибок компиляции завершено
[2025-09-14 14:45:12] Исправление ошибок выполнения завершено
[2025-09-14 14:45:12] Исправление ошибок ассетов завершено
[2025-09-14 14:45:24] Исправление ошибок памяти завершено
[2025-09-14 14:45:24] Исправление ошибок #71 завершено
[2025-09-14 14:46:04] Исправление ошибок компиляции завершено
[2025-09-14 14:46:14] Исправление ошибок выполнения завершено
[2025-09-14 14:46:14] Исправление ошибок ассетов завершено
[2025-09-14 14:46:27] Исправление ошибок памяти завершено
[2025-09-14 14:46:27] Исправление ошибок #72 завершено
[2025-09-14 14:47:07] Исправление ошибок компиляции завершено
[2025-09-14 14:47:17] Исправление ошибок выполнения завершено
[2025-09-14 14:47:17] Исправление ошибок ассетов завершено
[2025-09-14 14:47:30] Исправление ошибок памяти завершено
[2025-09-14 14:47:30] Исправление ошибок #73 завершено
[2025-09-14 14:48:09] Исправление ошибок компиляции завершено
[2025-09-14 14:48:19] Исправление ошибок выполнения завершено
[2025-09-14 14:48:20] Исправление ошибок ассетов завершено
[2025-09-14 14:48:32] Исправление ошибок памяти завершено
[2025-09-14 14:48:32] Исправление ошибок #74 завершено
[2025-09-14 14:49:12] Исправление ошибок компиляции завершено
[2025-09-14 14:49:22] Исправление ошибок выполнения завершено
[2025-09-14 14:49:22] Исправление ошибок ассетов завершено
[2025-09-14 14:49:35] Исправление ошибок памяти завершено
[2025-09-14 14:49:35] Исправление ошибок #75 завершено
[2025-09-14 14:50:15] Исправление ошибок компиляции завершено
[2025-09-14 14:50:25] Исправление ошибок выполнения завершено
[2025-09-14 14:50:25] Исправление ошибок ассетов завершено
[2025-09-14 14:50:37] Исправление ошибок памяти завершено
[2025-09-14 14:50:37] Исправление ошибок #76 завершено
[2025-09-14 14:51:17] Исправление ошибок компиляции завершено
[2025-09-14 14:51:27] Исправление ошибок выполнения завершено
[2025-09-14 14:51:27] Исправление ошибок ассетов завершено
[2025-09-14 14:51:39] Исправление ошибок памяти завершено
[2025-09-14 14:51:39] Исправление ошибок #77 завершено
[2025-09-14 14:52:19] Исправление ошибок компиляции завершено
[2025-09-14 14:52:29] Исправление ошибок выполнения завершено
[2025-09-14 14:52:30] Исправление ошибок ассетов завершено
[2025-09-14 14:52:42] Исправление ошибок памяти завершено
[2025-09-14 14:52:42] Исправление ошибок #78 завершено
[2025-09-14 14:53:22] Исправление ошибок компиляции завершено
[2025-09-14 14:53:33] Исправление ошибок выполнения завершено
[2025-09-14 14:53:33] Исправление ошибок ассетов завершено
[2025-09-14 14:53:45] Исправление ошибок памяти завершено
[2025-09-14 14:53:45] Исправление ошибок #79 завершено
[2025-09-14 14:54:26] Исправление ошибок компиляции завершено
[2025-09-14 14:54:35] Исправление ошибок выполнения завершено
[2025-09-14 14:54:36] Исправление ошибок ассетов завершено
[2025-09-14 14:54:48] Исправление ошибок памяти завершено
[2025-09-14 14:54:48] Исправление ошибок #80 завершено
[2025-09-14 14:55:29] Исправление ошибок компиляции завершено
[2025-09-14 14:55:39] Исправление ошибок выполнения завершено
[2025-09-14 14:55:40] Исправление ошибок ассетов завершено
[2025-09-14 14:55:52] Исправление ошибок памяти завершено
[2025-09-14 14:55:52] Исправление ошибок #81 завершено
[2025-09-14 14:56:33] Исправление ошибок компиляции завершено
[2025-09-14 14:56:43] Исправление ошибок выполнения завершено
[2025-09-14 14:56:43] Исправление ошибок ассетов завершено
[2025-09-14 14:56:56] Исправление ошибок памяти завершено
[2025-09-14 14:56:56] Исправление ошибок #82 завершено
[2025-09-14 14:57:36] Исправление ошибок компиляции завершено
[2025-09-14 14:57:46] Исправление ошибок выполнения завершено
[2025-09-14 14:57:46] Исправление ошибок ассетов завершено
[2025-09-14 14:57:58] Исправление ошибок памяти завершено
[2025-09-14 14:57:58] Исправление ошибок #83 завершено
[2025-09-14 14:58:39] Исправление ошибок компиляции завершено
[2025-09-14 14:58:49] Исправление ошибок выполнения завершено
[2025-09-14 14:58:49] Исправление ошибок ассетов завершено
[2025-09-14 14:59:02] Исправление ошибок памяти завершено
[2025-09-14 14:59:02] Исправление ошибок #84 завершено
[2025-09-14 14:59:42] Исправление ошибок компиляции завершено
[2025-09-14 14:59:52] Исправление ошибок выполнения завершено
[2025-09-14 14:59:52] Исправление ошибок ассетов завершено
[2025-09-14 15:00:04] Исправление ошибок памяти завершено
[2025-09-14 15:00:04] Исправление ошибок #85 завершено
[2025-09-14 15:00:45] Исправление ошибок компиляции завершено
[2025-09-14 15:00:55] Исправление ошибок выполнения завершено
[2025-09-14 15:00:55] Исправление ошибок ассетов завершено
[2025-09-14 15:01:08] Исправление ошибок памяти завершено
[2025-09-14 15:01:08] Исправление ошибок #86 завершено
[2025-09-14 15:01:48] Исправление ошибок компиляции завершено
[2025-09-14 15:01:59] Исправление ошибок выполнения завершено
[2025-09-14 15:01:59] Исправление ошибок ассетов завершено
[2025-09-14 15:02:12] Исправление ошибок памяти завершено
[2025-09-14 15:02:12] Исправление ошибок #87 завершено
[2025-09-14 15:02:52] Исправление ошибок компиляции завершено
[2025-09-14 15:03:02] Исправление ошибок выполнения завершено
[2025-09-14 15:03:02] Исправление ошибок ассетов завершено
[2025-09-14 15:03:16] Исправление ошибок памяти завершено
[2025-09-14 15:03:16] Исправление ошибок #88 завершено
[2025-09-14 15:03:56] Исправление ошибок компиляции завершено
[2025-09-14 15:04:06] Исправление ошибок выполнения завершено
[2025-09-14 15:04:06] Исправление ошибок ассетов завершено
[2025-09-14 15:04:19] Исправление ошибок памяти завершено
[2025-09-14 15:04:19] Исправление ошибок #89 завершено
[2025-09-14 15:04:59] Исправление ошибок компиляции завершено
[2025-09-14 15:05:09] Исправление ошибок выполнения завершено
[2025-09-14 15:05:09] Исправление ошибок ассетов завершено
[2025-09-14 15:05:22] Исправление ошибок памяти завершено
[2025-09-14 15:05:22] Исправление ошибок #90 завершено
[2025-09-14 15:06:02] Исправление ошибок компиляции завершено
[2025-09-14 15:06:13] Исправление ошибок выполнения завершено
[2025-09-14 15:06:13] Исправление ошибок ассетов завершено
[2025-09-14 15:06:25] Исправление ошибок памяти завершено
[2025-09-14 15:06:26] Исправление ошибок #91 завершено
[2025-09-14 15:07:06] Исправление ошибок компиляции завершено
[2025-09-14 15:07:16] Исправление ошибок выполнения завершено
[2025-09-14 15:07:16] Исправление ошибок ассетов завершено
[2025-09-14 15:07:29] Исправление ошибок памяти завершено
[2025-09-14 15:07:29] Исправление ошибок #92 завершено
[2025-09-14 15:08:09] Исправление ошибок компиляции завершено
[2025-09-14 15:08:20] Исправление ошибок выполнения завершено
[2025-09-14 15:08:21] Исправление ошибок ассетов завершено
[2025-09-14 15:08:34] Исправление ошибок памяти завершено
[2025-09-14 15:08:34] Исправление ошибок #93 завершено
[2025-09-14 15:09:14] Исправление ошибок компиляции завершено
[2025-09-14 15:09:24] Исправление ошибок выполнения завершено
[2025-09-14 15:09:24] Исправление ошибок ассетов завершено
[2025-09-14 15:09:37] Исправление ошибок памяти завершено
[2025-09-14 15:09:37] Исправление ошибок #94 завершено
[2025-09-14 15:10:18] Исправление ошибок компиляции завершено
[2025-09-14 15:10:28] Исправление ошибок выполнения завершено
[2025-09-14 15:10:29] Исправление ошибок ассетов завершено
[2025-09-14 15:10:42] Исправление ошибок памяти завершено
[2025-09-14 15:10:42] Исправление ошибок #95 завершено
[2025-09-14 15:11:22] Исправление ошибок компиляции завершено
[2025-09-14 15:11:33] Исправление ошибок выполнения завершено
[2025-09-14 15:11:33] Исправление ошибок ассетов завершено
[2025-09-14 15:11:46] Исправление ошибок памяти завершено
[2025-09-14 15:11:46] Исправление ошибок #96 завершено
[2025-09-14 15:12:26] Исправление ошибок компиляции завершено
[2025-09-14 15:12:36] Исправление ошибок выполнения завершено
[2025-09-14 15:12:37] Исправление ошибок ассетов завершено
[2025-09-14 15:12:50] Исправление ошибок памяти завершено
[2025-09-14 15:12:50] Исправление ошибок #97 завершено
[2025-09-14 15:13:30] Исправление ошибок компиляции завершено
[2025-09-14 15:13:41] Исправление ошибок выполнения завершено
[2025-09-14 15:13:41] Исправление ошибок ассетов завершено
[2025-09-14 15:13:54] Исправление ошибок памяти завершено
[2025-09-14 15:13:54] Исправление ошибок #98 завершено
[2025-09-14 15:14:35] Исправление ошибок компиляции завершено
[2025-09-14 15:14:46] Исправление ошибок выполнения завершено
[2025-09-14 15:14:46] Исправление ошибок ассетов завершено
[2025-09-14 15:14:59] Исправление ошибок памяти завершено
[2025-09-14 15:14:59] Исправление ошибок #99 завершено
[2025-09-14 15:15:40] Исправление ошибок компиляции завершено
[2025-09-14 15:15:51] Исправление ошибок выполнения завершено
[2025-09-14 15:15:51] Исправление ошибок ассетов завершено
[2025-09-14 15:16:04] Исправление ошибок памяти завершено
[2025-09-14 15:16:04] Исправление ошибок #100 завершено
[2025-09-14 15:16:44] Исправление ошибок компиляции завершено
[2025-09-14 15:16:55] Исправление ошибок выполнения завершено
[2025-09-14 15:16:56] Исправление ошибок ассетов завершено
[2025-09-14 15:17:08] Исправление ошибок памяти завершено
[2025-09-14 15:17:08] Исправление ошибок #101 завершено
[2025-09-14 15:17:48] Исправление ошибок компиляции завершено
[2025-09-14 15:17:59] Исправление ошибок выполнения завершено
[2025-09-14 15:18:00] Исправление ошибок ассетов завершено
[2025-09-14 15:18:12] Исправление ошибок памяти завершено
[2025-09-14 15:18:12] Исправление ошибок #102 завершено
[2025-09-14 15:18:52] Исправление ошибок компиляции завершено
[2025-09-14 15:19:03] Исправление ошибок выполнения завершено
[2025-09-14 15:19:03] Исправление ошибок ассетов завершено
[2025-09-14 15:19:15] Исправление ошибок памяти завершено
[2025-09-14 15:19:15] Исправление ошибок #103 завершено
[2025-09-14 15:19:56] Исправление ошибок компиляции завершено
[2025-09-14 15:20:06] Исправление ошибок выполнения завершено
[2025-09-14 15:20:07] Исправление ошибок ассетов завершено
[2025-09-14 15:20:19] Исправление ошибок памяти завершено
[2025-09-14 15:20:19] Исправление ошибок #104 завершено
[2025-09-14 15:20:59] Исправление ошибок компиляции завершено
[2025-09-14 15:21:11] Исправление ошибок выполнения завершено
[2025-09-14 15:21:11] Исправление ошибок ассетов завершено
[2025-09-14 15:21:24] Исправление ошибок памяти завершено
[2025-09-14 15:21:24] Исправление ошибок #105 завершено
[2025-09-14 15:22:04] Исправление ошибок компиляции завершено
[2025-09-14 15:22:15] Исправление ошибок выполнения завершено
[2025-09-14 15:22:15] Исправление ошибок ассетов завершено
[2025-09-14 15:22:28] Исправление ошибок памяти завершено
[2025-09-14 15:22:28] Исправление ошибок #106 завершено
[2025-09-14 15:23:08] Исправление ошибок компиляции завершено
[2025-09-14 15:23:20] Исправление ошибок выполнения завершено
[2025-09-14 15:23:20] Исправление ошибок ассетов завершено
[2025-09-14 15:23:34] Исправление ошибок памяти завершено
[2025-09-14 15:23:34] Исправление ошибок #107 завершено
[2025-09-14 15:24:14] Исправление ошибок компиляции завершено
[2025-09-14 15:24:25] Исправление ошибок выполнения завершено
[2025-09-14 15:24:25] Исправление ошибок ассетов завершено
[2025-09-14 15:24:38] Исправление ошибок памяти завершено
[2025-09-14 15:24:38] Исправление ошибок #108 завершено
[2025-09-14 15:25:19] Исправление ошибок компиляции завершено
[2025-09-14 15:25:30] Исправление ошибок выполнения завершено
[2025-09-14 15:25:30] Исправление ошибок ассетов завершено
[2025-09-14 15:25:43] Исправление ошибок памяти завершено
[2025-09-14 15:25:43] Исправление ошибок #109 завершено
[2025-09-14 15:26:23] Исправление ошибок компиляции завершено
[2025-09-14 15:26:34] Исправление ошибок выполнения завершено
[2025-09-14 15:26:35] Исправление ошибок ассетов завершено
[2025-09-14 15:26:48] Исправление ошибок памяти завершено
[2025-09-14 15:26:48] Исправление ошибок #110 завершено
[2025-09-14 15:27:29] Исправление ошибок компиляции завершено
[2025-09-14 15:27:40] Исправление ошибок выполнения завершено
[2025-09-14 15:27:40] Исправление ошибок ассетов завершено
[2025-09-14 15:27:53] Исправление ошибок памяти завершено
[2025-09-14 15:27:54] Исправление ошибок #111 завершено
[2025-09-14 15:28:34] Исправление ошибок компиляции завершено
[2025-09-14 15:28:45] Исправление ошибок выполнения завершено
[2025-09-14 15:28:45] Исправление ошибок ассетов завершено
[2025-09-14 15:28:59] Исправление ошибок памяти завершено
[2025-09-14 15:28:59] Исправление ошибок #112 завершено
[2025-09-14 15:29:39] Исправление ошибок компиляции завершено
[2025-09-14 15:29:50] Исправление ошибок выполнения завершено
[2025-09-14 15:29:50] Исправление ошибок ассетов завершено
[2025-09-14 15:30:04] Исправление ошибок памяти завершено
[2025-09-14 15:30:04] Исправление ошибок #113 завершено
[2025-09-14 15:30:44] Исправление ошибок компиляции завершено
[2025-09-14 15:30:55] Исправление ошибок выполнения завершено
[2025-09-14 15:30:55] Исправление ошибок ассетов завершено
[2025-09-14 15:31:08] Исправление ошибок памяти завершено
[2025-09-14 15:31:08] Исправление ошибок #114 завершено
[2025-09-14 15:31:49] Исправление ошибок компиляции завершено
[2025-09-14 15:32:00] Исправление ошибок выполнения завершено
[2025-09-14 15:32:00] Исправление ошибок ассетов завершено
[2025-09-14 15:32:13] Исправление ошибок памяти завершено
[2025-09-14 15:32:13] Исправление ошибок #115 завершено
[2025-09-14 15:32:53] Исправление ошибок компиляции завершено
[2025-09-14 15:33:04] Исправление ошибок выполнения завершено
[2025-09-14 15:33:04] Исправление ошибок ассетов завершено
[2025-09-14 15:33:18] Исправление ошибок памяти завершено
[2025-09-14 15:33:18] Исправление ошибок #116 завершено
[2025-09-14 15:33:57] Исправление ошибок компиляции завершено
[2025-09-14 15:34:09] Исправление ошибок выполнения завершено
[2025-09-14 15:34:09] Исправление ошибок ассетов завершено
[2025-09-14 15:34:23] Исправление ошибок памяти завершено
[2025-09-14 15:34:23] Исправление ошибок #117 завершено
[2025-09-14 15:35:03] Исправление ошибок компиляции завершено
[2025-09-14 15:35:15] Исправление ошибок выполнения завершено
[2025-09-14 15:35:16] Исправление ошибок ассетов завершено
[2025-09-14 15:35:30] Исправление ошибок памяти завершено
[2025-09-14 15:35:30] Исправление ошибок #118 завершено
[2025-09-14 15:36:10] Исправление ошибок компиляции завершено
[2025-09-14 15:36:21] Исправление ошибок выполнения завершено
[2025-09-14 15:36:21] Исправление ошибок ассетов завершено
[2025-09-14 15:36:35] Исправление ошибок памяти завершено
[2025-09-14 15:36:35] Исправление ошибок #119 завершено
[2025-09-14 15:37:15] Исправление ошибок компиляции завершено
[2025-09-14 15:37:26] Исправление ошибок выполнения завершено
[2025-09-14 15:37:27] Исправление ошибок ассетов завершено
[2025-09-14 15:37:40] Исправление ошибок памяти завершено
[2025-09-14 15:37:40] Исправление ошибок #120 завершено
[2025-09-14 15:38:20] Исправление ошибок компиляции завершено
[2025-09-14 15:38:32] Исправление ошибок выполнения завершено
[2025-09-14 15:38:32] Исправление ошибок ассетов завершено
[2025-09-14 15:38:46] Исправление ошибок памяти завершено
[2025-09-14 15:38:46] Исправление ошибок #121 завершено
[2025-09-14 15:39:26] Исправление ошибок компиляции завершено
[2025-09-14 15:39:38] Исправление ошибок выполнения завершено
[2025-09-14 15:39:38] Исправление ошибок ассетов завершено
[2025-09-14 15:39:51] Исправление ошибок памяти завершено
[2025-09-14 15:39:51] Исправление ошибок #122 завершено
[2025-09-14 15:40:31] Исправление ошибок компиляции завершено
[2025-09-14 15:40:43] Исправление ошибок выполнения завершено
[2025-09-14 15:40:43] Исправление ошибок ассетов завершено
[2025-09-14 15:40:56] Исправление ошибок памяти завершено
[2025-09-14 15:40:56] Исправление ошибок #123 завершено
[2025-09-14 15:41:37] Исправление ошибок компиляции завершено
[2025-09-14 15:41:48] Исправление ошибок выполнения завершено
[2025-09-14 15:41:48] Исправление ошибок ассетов завершено
[2025-09-14 15:42:02] Исправление ошибок памяти завершено
[2025-09-14 15:42:02] Исправление ошибок #124 завершено
[2025-09-14 15:42:42] Исправление ошибок компиляции завершено
[2025-09-14 15:42:54] Исправление ошибок выполнения завершено
[2025-09-14 15:42:55] Исправление ошибок ассетов завершено
[2025-09-14 15:43:08] Исправление ошибок памяти завершено
[2025-09-14 15:43:08] Исправление ошибок #125 завершено
[2025-09-14 15:43:48] Исправление ошибок компиляции завершено
[2025-09-14 15:44:00] Исправление ошибок выполнения завершено
[2025-09-14 15:44:01] Исправление ошибок ассетов завершено
[2025-09-14 15:44:14] Исправление ошибок памяти завершено
[2025-09-14 15:44:14] Исправление ошибок #126 завершено
[2025-09-14 15:44:54] Исправление ошибок компиляции завершено
[2025-09-14 15:45:06] Исправление ошибок выполнения завершено
[2025-09-14 15:45:06] Исправление ошибок ассетов завершено
[2025-09-14 15:45:20] Исправление ошибок памяти завершено
[2025-09-14 15:45:20] Исправление ошибок #127 завершено
[2025-09-14 15:46:00] Исправление ошибок компиляции завершено
[2025-09-14 15:46:13] Исправление ошибок выполнения завершено
[2025-09-14 15:46:13] Исправление ошибок ассетов завершено
[2025-09-14 15:46:26] Исправление ошибок памяти завершено
[2025-09-14 15:46:27] Исправление ошибок #128 завершено
[2025-09-14 15:47:07] Исправление ошибок компиляции завершено
[2025-09-14 15:47:18] Исправление ошибок выполнения завершено
[2025-09-14 15:47:19] Исправление ошибок ассетов завершено
[2025-09-14 15:47:32] Исправление ошибок памяти завершено
[2025-09-14 15:47:32] Исправление ошибок #129 завершено
[2025-09-14 15:48:13] Исправление ошибок компиляции завершено
[2025-09-14 15:48:25] Исправление ошибок выполнения завершено
[2025-09-14 15:48:25] Исправление ошибок ассетов завершено
[2025-09-14 15:48:39] Исправление ошибок памяти завершено
[2025-09-14 15:48:39] Исправление ошибок #130 завершено
[2025-09-14 15:49:19] Исправление ошибок компиляции завершено
[2025-09-14 15:49:31] Исправление ошибок выполнения завершено
[2025-09-14 15:49:31] Исправление ошибок ассетов завершено
[2025-09-14 15:49:44] Исправление ошибок памяти завершено
[2025-09-14 15:49:44] Исправление ошибок #131 завершено
[2025-09-14 15:50:24] Исправление ошибок компиляции завершено
[2025-09-14 15:50:36] Исправление ошибок выполнения завершено
[2025-09-14 15:50:37] Исправление ошибок ассетов завершено
[2025-09-14 15:50:50] Исправление ошибок памяти завершено
[2025-09-14 15:50:50] Исправление ошибок #132 завершено
[2025-09-14 15:51:31] Исправление ошибок компиляции завершено
[2025-09-14 15:51:43] Исправление ошибок выполнения завершено
[2025-09-14 15:51:43] Исправление ошибок ассетов завершено
[2025-09-14 15:51:57] Исправление ошибок памяти завершено
[2025-09-14 15:51:57] Исправление ошибок #133 завершено
[2025-09-14 15:52:37] Исправление ошибок компиляции завершено
[2025-09-14 15:52:49] Исправление ошибок выполнения завершено
[2025-09-14 15:52:50] Исправление ошибок ассетов завершено
[2025-09-14 15:53:04] Исправление ошибок памяти завершено
[2025-09-14 15:53:04] Исправление ошибок #134 завершено
[2025-09-14 15:53:44] Исправление ошибок компиляции завершено
[2025-09-14 15:53:56] Исправление ошибок выполнения завершено
[2025-09-14 15:53:56] Исправление ошибок ассетов завершено
[2025-09-14 15:54:10] Исправление ошибок памяти завершено
[2025-09-14 15:54:10] Исправление ошибок #135 завершено
[2025-09-14 15:54:50] Исправление ошибок компиляции завершено
[2025-09-14 15:55:03] Исправление ошибок выполнения завершено
[2025-09-14 15:55:03] Исправление ошибок ассетов завершено
[2025-09-14 15:55:17] Исправление ошибок памяти завершено
[2025-09-14 15:55:17] Исправление ошибок #136 завершено
[2025-09-14 15:55:57] Исправление ошибок компиляции завершено
[2025-09-14 15:56:09] Исправление ошибок выполнения завершено
[2025-09-14 15:56:09] Исправление ошибок ассетов завершено
[2025-09-14 15:56:23] Исправление ошибок памяти завершено
[2025-09-14 15:56:23] Исправление ошибок #137 завершено
[2025-09-14 15:57:02] Исправление ошибок компиляции завершено
[2025-09-14 15:57:15] Исправление ошибок выполнения завершено
[2025-09-14 15:57:15] Исправление ошибок ассетов завершено
[2025-09-14 15:57:29] Исправление ошибок памяти завершено
[2025-09-14 15:57:29] Исправление ошибок #138 завершено
[2025-09-14 15:58:09] Исправление ошибок компиляции завершено
[2025-09-14 15:58:21] Исправление ошибок выполнения завершено
[2025-09-14 15:58:22] Исправление ошибок ассетов завершено
[2025-09-14 15:58:36] Исправление ошибок памяти завершено
[2025-09-14 15:58:36] Исправление ошибок #139 завершено
[2025-09-14 15:59:16] Исправление ошибок компиляции завершено
[2025-09-14 15:59:28] Исправление ошибок выполнения завершено
[2025-09-14 15:59:28] Исправление ошибок ассетов завершено
[2025-09-14 15:59:42] Исправление ошибок памяти завершено
[2025-09-14 15:59:42] Исправление ошибок #140 завершено
[2025-09-14 16:00:22] Исправление ошибок компиляции завершено
[2025-09-14 16:00:34] Исправление ошибок выполнения завершено
[2025-09-14 16:00:34] Исправление ошибок ассетов завершено
[2025-09-14 16:00:48] Исправление ошибок памяти завершено
[2025-09-14 16:00:48] Исправление ошибок #141 завершено
[2025-09-14 16:01:28] Исправление ошибок компиляции завершено
[2025-09-14 16:01:41] Исправление ошибок выполнения завершено
[2025-09-14 16:01:41] Исправление ошибок ассетов завершено
[2025-09-14 16:01:54] Исправление ошибок памяти завершено
[2025-09-14 16:01:54] Исправление ошибок #142 завершено
[2025-09-14 16:02:35] Исправление ошибок компиляции завершено
[2025-09-14 16:02:48] Исправление ошибок выполнения завершено
[2025-09-14 16:02:48] Исправление ошибок ассетов завершено
[2025-09-14 16:03:02] Исправление ошибок памяти завершено
[2025-09-14 16:03:02] Исправление ошибок #143 завершено
[2025-09-14 16:03:43] Исправление ошибок компиляции завершено
[2025-09-14 16:03:55] Исправление ошибок выполнения завершено
[2025-09-14 16:03:55] Исправление ошибок ассетов завершено
[2025-09-14 16:04:09] Исправление ошибок памяти завершено
[2025-09-14 16:04:09] Исправление ошибок #144 завершено
[2025-09-14 16:04:49] Исправление ошибок компиляции завершено
[2025-09-14 16:05:02] Исправление ошибок выполнения завершено
[2025-09-14 16:05:02] Исправление ошибок ассетов завершено
[2025-09-14 16:05:15] Исправление ошибок памяти завершено
[2025-09-14 16:05:15] Исправление ошибок #145 завершено
[2025-09-14 16:05:55] Исправление ошибок компиляции завершено
[2025-09-14 16:06:08] Исправление ошибок выполнения завершено
[2025-09-14 16:06:08] Исправление ошибок ассетов завершено
[2025-09-14 16:06:21] Исправление ошибок памяти завершено
[2025-09-14 16:06:21] Исправление ошибок #146 завершено
[2025-09-14 16:07:01] Исправление ошибок компиляции завершено
[2025-09-14 16:07:14] Исправление ошибок выполнения завершено
[2025-09-14 16:07:14] Исправление ошибок ассетов завершено
[2025-09-14 16:07:27] Исправление ошибок памяти завершено
[2025-09-14 16:07:27] Исправление ошибок #147 завершено
[2025-09-14 16:08:07] Исправление ошибок компиляции завершено
[2025-09-14 16:08:20] Исправление ошибок выполнения завершено
[2025-09-14 16:08:20] Исправление ошибок ассетов завершено
[2025-09-14 16:08:35] Исправление ошибок памяти завершено
[2025-09-14 16:08:35] Исправление ошибок #148 завершено
[2025-09-14 16:09:15] Исправление ошибок компиляции завершено
[2025-09-14 16:09:28] Исправление ошибок выполнения завершено
[2025-09-14 16:09:28] Исправление ошибок ассетов завершено
[2025-09-14 16:09:42] Исправление ошибок памяти завершено
[2025-09-14 16:09:42] Исправление ошибок #149 завершено
[2025-09-14 16:10:23] Исправление ошибок компиляции завершено
[2025-09-14 16:10:35] Исправление ошибок выполнения завершено
[2025-09-14 16:10:35] Исправление ошибок ассетов завершено
[2025-09-14 16:10:49] Исправление ошибок памяти завершено
[2025-09-14 16:10:49] Исправление ошибок #150 завершено
[2025-09-14 16:11:29] Исправление ошибок компиляции завершено
[2025-09-14 16:11:42] Исправление ошибок выполнения завершено
[2025-09-14 16:11:42] Исправление ошибок ассетов завершено
[2025-09-14 16:11:56] Исправление ошибок памяти завершено
[2025-09-14 16:11:56] Исправление ошибок #151 завершено
[2025-09-14 16:12:36] Исправление ошибок компиляции завершено
[2025-09-14 16:12:49] Исправление ошибок выполнения завершено
[2025-09-14 16:12:49] Исправление ошибок ассетов завершено
[2025-09-14 16:13:03] Исправление ошибок памяти завершено
[2025-09-14 16:13:03] Исправление ошибок #152 завершено
[2025-09-14 16:13:44] Исправление ошибок компиляции завершено
[2025-09-14 16:13:56] Исправление ошибок выполнения завершено
[2025-09-14 16:13:57] Исправление ошибок ассетов завершено
[2025-09-14 16:14:10] Исправление ошибок памяти завершено
[2025-09-14 16:14:10] Исправление ошибок #153 завершено
[2025-09-14 16:14:50] Исправление ошибок компиляции завершено
[2025-09-14 16:15:04] Исправление ошибок выполнения завершено
[2025-09-14 16:15:04] Исправление ошибок ассетов завершено
[2025-09-14 16:15:17] Исправление ошибок памяти завершено
[2025-09-14 16:15:17] Исправление ошибок #154 завершено
[2025-09-14 16:15:58] Исправление ошибок компиляции завершено
[2025-09-14 16:16:11] Исправление ошибок выполнения завершено
[2025-09-14 16:16:11] Исправление ошибок ассетов завершено
[2025-09-14 16:16:25] Исправление ошибок памяти завершено
[2025-09-14 16:16:25] Исправление ошибок #155 завершено
[2025-09-14 16:17:06] Исправление ошибок компиляции завершено
[2025-09-14 16:17:19] Исправление ошибок выполнения завершено
[2025-09-14 16:17:19] Исправление ошибок ассетов завершено
[2025-09-14 16:17:33] Исправление ошибок памяти завершено
[2025-09-14 16:17:33] Исправление ошибок #156 завершено
[2025-09-14 16:18:13] Исправление ошибок компиляции завершено
[2025-09-14 16:18:27] Исправление ошибок выполнения завершено
[2025-09-14 16:18:27] Исправление ошибок ассетов завершено
[2025-09-14 16:18:41] Исправление ошибок памяти завершено
[2025-09-14 16:18:41] Исправление ошибок #157 завершено
[2025-09-14 16:19:21] Исправление ошибок компиляции завершено
[2025-09-14 16:19:35] Исправление ошибок выполнения завершено
[2025-09-14 16:19:35] Исправление ошибок ассетов завершено
[2025-09-14 16:19:49] Исправление ошибок памяти завершено
[2025-09-14 16:19:49] Исправление ошибок #158 завершено
[2025-09-14 16:20:29] Исправление ошибок компиляции завершено
[2025-09-14 16:20:42] Исправление ошибок выполнения завершено
[2025-09-14 16:20:43] Исправление ошибок ассетов завершено
[2025-09-14 16:20:56] Исправление ошибок памяти завершено
[2025-09-14 16:20:56] Исправление ошибок #159 завершено
[2025-09-14 16:21:36] Исправление ошибок компиляции завершено
[2025-09-14 16:21:50] Исправление ошибок выполнения завершено
[2025-09-14 16:21:50] Исправление ошибок ассетов завершено
[2025-09-14 16:22:04] Исправление ошибок памяти завершено
[2025-09-14 16:22:04] Исправление ошибок #160 завершено
[2025-09-14 16:22:45] Исправление ошибок компиляции завершено
[2025-09-14 16:22:58] Исправление ошибок выполнения завершено
[2025-09-14 16:22:58] Исправление ошибок ассетов завершено
[2025-09-14 16:23:13] Исправление ошибок памяти завершено
[2025-09-14 16:23:13] Исправление ошибок #161 завершено
[2025-09-14 16:23:53] Исправление ошибок компиляции завершено
[2025-09-14 16:24:06] Исправление ошибок выполнения завершено
[2025-09-14 16:24:06] Исправление ошибок ассетов завершено
[2025-09-14 16:24:20] Исправление ошибок памяти завершено
[2025-09-14 16:24:20] Исправление ошибок #162 завершено
[2025-09-14 16:25:00] Исправление ошибок компиляции завершено
[2025-09-14 16:25:13] Исправление ошибок выполнения завершено
[2025-09-14 16:25:13] Исправление ошибок ассетов завершено
[2025-09-14 16:25:27] Исправление ошибок памяти завершено
[2025-09-14 16:25:27] Исправление ошибок #163 завершено
[2025-09-14 16:26:07] Исправление ошибок компиляции завершено
[2025-09-14 16:26:20] Исправление ошибок выполнения завершено
[2025-09-14 16:26:20] Исправление ошибок ассетов завершено
[2025-09-14 16:26:34] Исправление ошибок памяти завершено
[2025-09-14 16:26:34] Исправление ошибок #164 завершено
[2025-09-14 16:27:14] Исправление ошибок компиляции завершено
[2025-09-14 16:27:27] Исправление ошибок выполнения завершено
[2025-09-14 16:27:27] Исправление ошибок ассетов завершено
[2025-09-14 16:27:42] Исправление ошибок памяти завершено
[2025-09-14 16:27:42] Исправление ошибок #165 завершено
[2025-09-14 16:28:23] Исправление ошибок компиляции завершено
[2025-09-14 16:28:35] Исправление ошибок выполнения завершено
[2025-09-14 16:28:36] Исправление ошибок ассетов завершено
[2025-09-14 16:28:50] Исправление ошибок памяти завершено
[2025-09-14 16:28:50] Исправление ошибок #166 завершено
[2025-09-14 16:29:31] Исправление ошибок компиляции завершено
[2025-09-14 16:29:45] Исправление ошибок выполнения завершено
[2025-09-14 16:29:45] Исправление ошибок ассетов завершено
[2025-09-14 16:29:59] Исправление ошибок памяти завершено
[2025-09-14 16:29:59] Исправление ошибок #167 завершено
[2025-09-14 16:30:39] Исправление ошибок компиляции завершено
[2025-09-14 16:30:52] Исправление ошибок выполнения завершено
[2025-09-14 16:30:52] Исправление ошибок ассетов завершено
[2025-09-14 16:31:07] Исправление ошибок памяти завершено
[2025-09-14 16:31:07] Исправление ошибок #168 завершено
[2025-09-14 16:31:47] Исправление ошибок компиляции завершено
[2025-09-14 16:32:01] Исправление ошибок выполнения завершено
[2025-09-14 16:32:01] Исправление ошибок ассетов завершено
[2025-09-14 16:32:15] Исправление ошибок памяти завершено
[2025-09-14 16:32:15] Исправление ошибок #169 завершено
[2025-09-14 16:32:55] Исправление ошибок компиляции завершено
[2025-09-14 16:33:09] Исправление ошибок выполнения завершено
[2025-09-14 16:33:09] Исправление ошибок ассетов завершено
[2025-09-14 16:33:24] Исправление ошибок памяти завершено
[2025-09-14 16:33:24] Исправление ошибок #170 завершено
[2025-09-14 16:34:04] Исправление ошибок компиляции завершено
[2025-09-14 16:34:17] Исправление ошибок выполнения завершено
[2025-09-14 16:34:18] Исправление ошибок ассетов завершено
[2025-09-14 16:34:32] Исправление ошибок памяти завершено
[2025-09-14 16:34:32] Исправление ошибок #171 завершено
[2025-09-14 16:35:12] Исправление ошибок компиляции завершено
[2025-09-14 16:35:25] Исправление ошибок выполнения завершено
[2025-09-14 16:35:25] Исправление ошибок ассетов завершено
[2025-09-14 16:35:39] Исправление ошибок памяти завершено
[2025-09-14 16:35:39] Исправление ошибок #172 завершено
[2025-09-14 16:36:20] Исправление ошибок компиляции завершено
[2025-09-14 16:36:33] Исправление ошибок выполнения завершено
[2025-09-14 16:36:34] Исправление ошибок ассетов завершено
[2025-09-14 16:36:48] Исправление ошибок памяти завершено
[2025-09-14 16:36:48] Исправление ошибок #173 завершено
[2025-09-14 16:37:28] Исправление ошибок компиляции завершено
[2025-09-14 16:37:42] Исправление ошибок выполнения завершено
[2025-09-14 16:37:42] Исправление ошибок ассетов завершено
[2025-09-14 16:37:56] Исправление ошибок памяти завершено
[2025-09-14 16:37:56] Исправление ошибок #174 завершено
[2025-09-14 16:38:36] Исправление ошибок компиляции завершено
[2025-09-14 16:38:50] Исправление ошибок выполнения завершено
[2025-09-14 16:38:50] Исправление ошибок ассетов завершено
[2025-09-14 16:39:04] Исправление ошибок памяти завершено
[2025-09-14 16:39:04] Исправление ошибок #175 завершено
[2025-09-14 16:39:44] Исправление ошибок компиляции завершено
[2025-09-14 16:39:58] Исправление ошибок выполнения завершено
[2025-09-14 16:39:58] Исправление ошибок ассетов завершено
[2025-09-14 16:40:12] Исправление ошибок памяти завершено
[2025-09-14 16:40:12] Исправление ошибок #176 завершено
[2025-09-14 16:40:53] Исправление ошибок компиляции завершено
[2025-09-14 16:41:07] Исправление ошибок выполнения завершено
[2025-09-14 16:41:08] Исправление ошибок ассетов завершено
[2025-09-14 16:41:21] Исправление ошибок памяти завершено
[2025-09-14 16:41:21] Исправление ошибок #177 завершено
[2025-09-14 16:42:03] Исправление ошибок компиляции завершено
[2025-09-14 16:42:16] Исправление ошибок выполнения завершено
[2025-09-14 16:42:16] Исправление ошибок ассетов завершено
[2025-09-14 16:42:31] Исправление ошибок памяти завершено
[2025-09-14 16:42:31] Исправление ошибок #178 завершено
[2025-09-14 16:43:11] Исправление ошибок компиляции завершено
[2025-09-14 16:43:25] Исправление ошибок выполнения завершено
[2025-09-14 16:43:25] Исправление ошибок ассетов завершено
[2025-09-14 16:43:40] Исправление ошибок памяти завершено
[2025-09-14 16:43:40] Исправление ошибок #179 завершено
[2025-09-14 16:44:20] Исправление ошибок компиляции завершено
[2025-09-14 16:44:35] Исправление ошибок выполнения завершено
[2025-09-14 16:44:35] Исправление ошибок ассетов завершено
[2025-09-14 16:44:49] Исправление ошибок памяти завершено
[2025-09-14 16:44:49] Исправление ошибок #180 завершено
[2025-09-14 16:45:30] Исправление ошибок компиляции завершено
[2025-09-14 16:45:43] Исправление ошибок выполнения завершено
[2025-09-14 16:45:43] Исправление ошибок ассетов завершено
[2025-09-14 16:45:58] Исправление ошибок памяти завершено
[2025-09-14 16:45:58] Исправление ошибок #181 завершено
[2025-09-14 16:46:39] Исправление ошибок компиляции завершено
[2025-09-14 16:46:52] Исправление ошибок выполнения завершено
[2025-09-14 16:46:52] Исправление ошибок ассетов завершено
[2025-09-14 16:47:07] Исправление ошибок памяти завершено
[2025-09-14 16:47:07] Исправление ошибок #182 завершено
[2025-09-14 16:47:47] Исправление ошибок компиляции завершено
[2025-09-14 16:48:01] Исправление ошибок выполнения завершено
[2025-09-14 16:48:01] Исправление ошибок ассетов завершено
[2025-09-14 16:48:15] Исправление ошибок памяти завершено
[2025-09-14 16:48:15] Исправление ошибок #183 завершено
[2025-09-14 16:48:55] Исправление ошибок компиляции завершено
[2025-09-14 16:49:09] Исправление ошибок выполнения завершено
[2025-09-14 16:49:09] Исправление ошибок ассетов завершено
[2025-09-14 16:49:24] Исправление ошибок памяти завершено
[2025-09-14 16:49:24] Исправление ошибок #184 завершено
[2025-09-14 16:50:05] Исправление ошибок компиляции завершено
[2025-09-14 16:50:17] Исправление ошибок выполнения завершено
[2025-09-14 16:50:18] Исправление ошибок ассетов завершено
[2025-09-14 16:50:32] Исправление ошибок памяти завершено
[2025-09-14 16:50:32] Исправление ошибок #185 завершено
[2025-09-14 16:51:13] Исправление ошибок компиляции завершено
[2025-09-14 16:51:27] Исправление ошибок выполнения завершено
[2025-09-14 16:51:27] Исправление ошибок ассетов завершено
[2025-09-14 16:51:41] Исправление ошибок памяти завершено
[2025-09-14 16:51:41] Исправление ошибок #186 завершено
[2025-09-14 16:52:22] Исправление ошибок компиляции завершено
[2025-09-14 16:52:35] Исправление ошибок выполнения завершено
[2025-09-14 16:52:35] Исправление ошибок ассетов завершено
[2025-09-14 16:52:50] Исправление ошибок памяти завершено
[2025-09-14 16:52:50] Исправление ошибок #187 завершено
[2025-09-14 16:53:30] Исправление ошибок компиляции завершено
[2025-09-14 16:53:44] Исправление ошибок выполнения завершено
[2025-09-14 16:53:45] Исправление ошибок ассетов завершено
[2025-09-14 16:53:59] Исправление ошибок памяти завершено
[2025-09-14 16:53:59] Исправление ошибок #188 завершено
[2025-09-14 16:54:40] Исправление ошибок компиляции завершено
[2025-09-14 16:54:54] Исправление ошибок выполнения завершено
[2025-09-14 16:54:54] Исправление ошибок ассетов завершено
[2025-09-14 16:55:08] Исправление ошибок памяти завершено
[2025-09-14 16:55:08] Исправление ошибок #189 завершено
[2025-09-14 16:55:49] Исправление ошибок компиляции завершено
[2025-09-14 16:56:03] Исправление ошибок выполнения завершено
[2025-09-14 16:56:03] Исправление ошибок ассетов завершено
[2025-09-14 16:56:17] Исправление ошибок памяти завершено
[2025-09-14 16:56:17] Исправление ошибок #190 завершено
[2025-09-14 16:56:58] Исправление ошибок компиляции завершено
[2025-09-14 16:57:12] Исправление ошибок выполнения завершено
[2025-09-14 16:57:12] Исправление ошибок ассетов завершено
[2025-09-14 16:57:26] Исправление ошибок памяти завершено
[2025-09-14 16:57:26] Исправление ошибок #191 завершено
[2025-09-14 16:58:07] Исправление ошибок компиляции завершено
[2025-09-14 16:58:21] Исправление ошибок выполнения завершено
[2025-09-14 16:58:21] Исправление ошибок ассетов завершено
[2025-09-14 16:58:35] Исправление ошибок памяти завершено
[2025-09-14 16:58:35] Исправление ошибок #192 завершено
[2025-09-14 16:59:17] Исправление ошибок компиляции завершено
[2025-09-14 16:59:30] Исправление ошибок выполнения завершено
[2025-09-14 16:59:30] Исправление ошибок ассетов завершено
[2025-09-14 16:59:45] Исправление ошибок памяти завершено
[2025-09-14 16:59:45] Исправление ошибок #193 завершено
[2025-09-14 17:00:26] Исправление ошибок компиляции завершено
[2025-09-14 17:00:40] Исправление ошибок выполнения завершено
[2025-09-14 17:00:40] Исправление ошибок ассетов завершено
[2025-09-14 17:00:57] Исправление ошибок памяти завершено
[2025-09-14 17:00:57] Исправление ошибок #194 завершено
[2025-09-14 17:01:37] Исправление ошибок компиляции завершено
[2025-09-14 17:01:51] Исправление ошибок выполнения завершено
[2025-09-14 17:01:51] Исправление ошибок ассетов завершено
[2025-09-14 17:02:05] Исправление ошибок памяти завершено
[2025-09-14 17:02:05] Исправление ошибок #195 завершено
[2025-09-14 17:02:47] Исправление ошибок компиляции завершено
[2025-09-14 17:03:00] Исправление ошибок выполнения завершено
[2025-09-14 17:03:00] Исправление ошибок ассетов завершено
[2025-09-14 17:03:15] Исправление ошибок памяти завершено
[2025-09-14 17:03:15] Исправление ошибок #196 завершено
[2025-09-14 17:03:56] Исправление ошибок компиляции завершено
[2025-09-14 17:04:10] Исправление ошибок выполнения завершено
[2025-09-14 17:04:11] Исправление ошибок ассетов завершено
[2025-09-14 17:04:25] Исправление ошибок памяти завершено
[2025-09-14 17:04:25] Исправление ошибок #197 завершено
[2025-09-14 17:05:06] Исправление ошибок компиляции завершено
[2025-09-14 17:05:19] Исправление ошибок выполнения завершено
[2025-09-14 17:05:20] Исправление ошибок ассетов завершено
[2025-09-14 17:05:34] Исправление ошибок памяти завершено
[2025-09-14 17:05:34] Исправление ошибок #198 завершено
[2025-09-14 17:06:14] Исправление ошибок компиляции завершено
[2025-09-14 17:06:28] Исправление ошибок выполнения завершено
[2025-09-14 17:06:28] Исправление ошибок ассетов завершено
[2025-09-14 17:06:43] Исправление ошибок памяти завершено
[2025-09-14 17:06:43] Исправление ошибок #199 завершено
[2025-09-14 17:07:24] Исправление ошибок компиляции завершено
[2025-09-14 17:07:39] Исправление ошибок выполнения завершено
[2025-09-14 17:07:39] Исправление ошибок ассетов завершено
[2025-09-14 17:07:53] Исправление ошибок памяти завершено
[2025-09-14 17:07:53] Исправление ошибок #200 завершено
[2025-09-14 17:08:33] Исправление ошибок компиляции завершено
[2025-09-14 17:08:48] Исправление ошибок выполнения завершено
[2025-09-14 17:08:48] Исправление ошибок ассетов завершено
[2025-09-14 17:09:02] Исправление ошибок памяти завершено
[2025-09-14 17:09:02] Исправление ошибок #201 завершено
[2025-09-14 17:09:43] Исправление ошибок компиляции завершено
[2025-09-14 17:09:57] Исправление ошибок выполнения завершено
[2025-09-14 17:09:57] Исправление ошибок ассетов завершено
[2025-09-14 17:10:13] Исправление ошибок памяти завершено
[2025-09-14 17:10:13] Исправление ошибок #202 завершено
[2025-09-14 17:10:53] Исправление ошибок компиляции завершено
[2025-09-14 17:11:07] Исправление ошибок выполнения завершено
[2025-09-14 17:11:08] Исправление ошибок ассетов завершено
[2025-09-14 17:11:22] Исправление ошибок памяти завершено
[2025-09-14 17:11:22] Исправление ошибок #203 завершено
[2025-09-14 17:12:02] Исправление ошибок компиляции завершено
[2025-09-14 17:12:17] Исправление ошибок выполнения завершено
[2025-09-14 17:12:17] Исправление ошибок ассетов завершено
[2025-09-14 17:12:31] Исправление ошибок памяти завершено
[2025-09-14 17:12:31] Исправление ошибок #204 завершено
[2025-09-14 17:13:12] Исправление ошибок компиляции завершено
[2025-09-14 17:13:26] Исправление ошибок выполнения завершено
[2025-09-14 17:13:26] Исправление ошибок ассетов завершено
[2025-09-14 17:13:41] Исправление ошибок памяти завершено
[2025-09-14 17:13:41] Исправление ошибок #205 завершено
[2025-09-14 17:14:21] Исправление ошибок компиляции завершено
[2025-09-14 17:14:36] Исправление ошибок выполнения завершено
[2025-09-14 17:14:36] Исправление ошибок ассетов завершено
[2025-09-14 17:14:50] Исправление ошибок памяти завершено
[2025-09-14 17:14:50] Исправление ошибок #206 завершено
[2025-09-14 17:15:31] Исправление ошибок компиляции завершено
[2025-09-14 17:15:45] Исправление ошибок выполнения завершено
[2025-09-14 17:15:45] Исправление ошибок ассетов завершено
[2025-09-14 17:16:01] Исправление ошибок памяти завершено
[2025-09-14 17:16:01] Исправление ошибок #207 завершено
[2025-09-14 17:16:41] Исправление ошибок компиляции завершено
[2025-09-14 17:16:56] Исправление ошибок выполнения завершено
[2025-09-14 17:16:56] Исправление ошибок ассетов завершено
[2025-09-14 17:17:10] Исправление ошибок памяти завершено
[2025-09-14 17:17:10] Исправление ошибок #208 завершено
[2025-09-14 17:17:51] Исправление ошибок компиляции завершено
[2025-09-14 17:18:05] Исправление ошибок выполнения завершено
[2025-09-14 17:18:05] Исправление ошибок ассетов завершено
[2025-09-14 17:18:21] Исправление ошибок памяти завершено
[2025-09-14 17:18:21] Исправление ошибок #209 завершено
[2025-09-14 17:19:01] Исправление ошибок компиляции завершено
[2025-09-14 17:19:16] Исправление ошибок выполнения завершено
[2025-09-14 17:19:16] Исправление ошибок ассетов завершено
[2025-09-14 17:19:32] Исправление ошибок памяти завершено
[2025-09-14 17:19:32] Исправление ошибок #210 завершено
[2025-09-14 17:20:12] Исправление ошибок компиляции завершено
[2025-09-14 17:20:27] Исправление ошибок выполнения завершено
[2025-09-14 17:20:27] Исправление ошибок ассетов завершено
[2025-09-14 17:20:41] Исправление ошибок памяти завершено
[2025-09-14 17:20:41] Исправление ошибок #211 завершено
[2025-09-14 17:21:22] Исправление ошибок компиляции завершено
[2025-09-14 17:21:36] Исправление ошибок выполнения завершено
[2025-09-14 17:21:36] Исправление ошибок ассетов завершено
[2025-09-14 17:21:52] Исправление ошибок памяти завершено
[2025-09-14 17:21:52] Исправление ошибок #212 завершено
[2025-09-14 17:22:32] Исправление ошибок компиляции завершено
[2025-09-14 17:22:47] Исправление ошибок выполнения завершено
[2025-09-14 17:22:47] Исправление ошибок ассетов завершено
[2025-09-14 17:23:02] Исправление ошибок памяти завершено
[2025-09-14 17:23:02] Исправление ошибок #213 завершено
[2025-09-14 17:23:43] Исправление ошибок компиляции завершено
[2025-09-14 17:23:58] Исправление ошибок выполнения завершено
[2025-09-14 17:23:58] Исправление ошибок ассетов завершено
[2025-09-14 17:24:13] Исправление ошибок памяти завершено
[2025-09-14 17:24:13] Исправление ошибок #214 завершено
[2025-09-14 17:24:53] Исправление ошибок компиляции завершено
[2025-09-14 17:25:08] Исправление ошибок выполнения завершено
[2025-09-14 17:25:08] Исправление ошибок ассетов завершено
[2025-09-14 17:25:23] Исправление ошибок памяти завершено
[2025-09-14 17:25:23] Исправление ошибок #215 завершено
[2025-09-14 17:26:04] Исправление ошибок компиляции завершено
[2025-09-14 17:26:18] Исправление ошибок выполнения завершено
[2025-09-14 17:26:18] Исправление ошибок ассетов завершено
[2025-09-14 17:26:34] Исправление ошибок памяти завершено
[2025-09-14 17:26:34] Исправление ошибок #216 завершено
[2025-09-14 17:27:14] Исправление ошибок компиляции завершено
[2025-09-14 17:27:29] Исправление ошибок выполнения завершено
[2025-09-14 17:27:29] Исправление ошибок ассетов завершено
[2025-09-14 17:27:44] Исправление ошибок памяти завершено
[2025-09-14 17:27:44] Исправление ошибок #217 завершено
[2025-09-14 17:28:24] Исправление ошибок компиляции завершено
[2025-09-14 17:28:39] Исправление ошибок выполнения завершено
[2025-09-14 17:28:39] Исправление ошибок ассетов завершено
[2025-09-14 17:28:54] Исправление ошибок памяти завершено
[2025-09-14 17:28:54] Исправление ошибок #218 завершено
[2025-09-14 17:29:35] Исправление ошибок компиляции завершено
[2025-09-14 17:29:50] Исправление ошибок выполнения завершено
[2025-09-14 17:29:50] Исправление ошибок ассетов завершено
[2025-09-14 17:30:05] Исправление ошибок памяти завершено
[2025-09-14 17:30:05] Исправление ошибок #219 завершено
[2025-09-14 17:30:46] Исправление ошибок компиляции завершено
[2025-09-14 17:31:01] Исправление ошибок выполнения завершено
[2025-09-14 17:31:01] Исправление ошибок ассетов завершено
[2025-09-14 17:31:16] Исправление ошибок памяти завершено
[2025-09-14 17:31:16] Исправление ошибок #220 завершено
[2025-09-14 17:31:57] Исправление ошибок компиляции завершено
[2025-09-14 17:32:12] Исправление ошибок выполнения завершено
[2025-09-14 17:32:12] Исправление ошибок ассетов завершено
[2025-09-14 17:32:26] Исправление ошибок памяти завершено
[2025-09-14 17:32:26] Исправление ошибок #221 завершено
[2025-09-14 17:33:08] Исправление ошибок компиляции завершено
[2025-09-14 17:33:23] Исправление ошибок выполнения завершено
[2025-09-14 17:33:23] Исправление ошибок ассетов завершено
[2025-09-14 17:33:38] Исправление ошибок памяти завершено
[2025-09-14 17:33:38] Исправление ошибок #222 завершено
[2025-09-14 17:34:19] Исправление ошибок компиляции завершено
[2025-09-14 17:34:34] Исправление ошибок выполнения завершено
[2025-09-14 17:34:34] Исправление ошибок ассетов завершено
[2025-09-14 17:34:50] Исправление ошибок памяти завершено
[2025-09-14 17:34:50] Исправление ошибок #223 завершено
[2025-09-14 17:35:30] Исправление ошибок компиляции завершено
[2025-09-14 17:35:46] Исправление ошибок выполнения завершено
[2025-09-14 17:35:46] Исправление ошибок ассетов завершено
[2025-09-14 17:36:01] Исправление ошибок памяти завершено
[2025-09-14 17:36:01] Исправление ошибок #224 завершено
[2025-09-14 17:36:41] Исправление ошибок компиляции завершено
[2025-09-14 17:36:57] Исправление ошибок выполнения завершено
[2025-09-14 17:36:57] Исправление ошибок ассетов завершено
[2025-09-14 17:37:12] Исправление ошибок памяти завершено
[2025-09-14 17:37:12] Исправление ошибок #225 завершено
[2025-09-14 17:37:53] Исправление ошибок компиляции завершено
[2025-09-14 17:38:08] Исправление ошибок выполнения завершено
[2025-09-14 17:38:08] Исправление ошибок ассетов завершено
[2025-09-14 17:38:23] Исправление ошибок памяти завершено
[2025-09-14 17:38:23] Исправление ошибок #226 завершено
[2025-09-14 17:39:04] Исправление ошибок компиляции завершено
[2025-09-14 17:39:19] Исправление ошибок выполнения завершено
[2025-09-14 17:39:19] Исправление ошибок ассетов завершено
[2025-09-14 17:39:35] Исправление ошибок памяти завершено
[2025-09-14 17:39:35] Исправление ошибок #227 завершено
[2025-09-14 17:40:15] Исправление ошибок компиляции завершено
[2025-09-14 17:40:30] Исправление ошибок выполнения завершено
[2025-09-14 17:40:31] Исправление ошибок ассетов завершено
[2025-09-14 17:40:45] Исправление ошибок памяти завершено
[2025-09-14 17:40:45] Исправление ошибок #228 завершено
[2025-09-14 17:41:26] Исправление ошибок компиляции завершено
[2025-09-14 17:41:41] Исправление ошибок выполнения завершено
[2025-09-14 17:41:41] Исправление ошибок ассетов завершено
[2025-09-14 17:41:57] Исправление ошибок памяти завершено
[2025-09-14 17:41:57] Исправление ошибок #229 завершено
[2025-09-14 17:42:37] Исправление ошибок компиляции завершено
[2025-09-14 17:42:53] Исправление ошибок выполнения завершено
[2025-09-14 17:42:53] Исправление ошибок ассетов завершено
[2025-09-14 17:43:07] Исправление ошибок памяти завершено
[2025-09-14 17:43:07] Исправление ошибок #230 завершено
[2025-09-14 17:43:48] Исправление ошибок компиляции завершено
[2025-09-14 17:44:03] Исправление ошибок выполнения завершено
[2025-09-14 17:44:04] Исправление ошибок ассетов завершено
[2025-09-14 17:44:18] Исправление ошибок памяти завершено
[2025-09-14 17:44:18] Исправление ошибок #231 завершено
[2025-09-14 17:45:00] Исправление ошибок компиляции завершено
[2025-09-14 17:45:14] Исправление ошибок выполнения завершено
[2025-09-14 17:45:14] Исправление ошибок ассетов завершено
[2025-09-14 17:45:30] Исправление ошибок памяти завершено
[2025-09-14 17:45:30] Исправление ошибок #232 завершено
[2025-09-14 17:46:10] Исправление ошибок компиляции завершено
[2025-09-14 17:46:26] Исправление ошибок выполнения завершено
[2025-09-14 17:46:26] Исправление ошибок ассетов завершено
[2025-09-14 17:46:42] Исправление ошибок памяти завершено
[2025-09-14 17:46:42] Исправление ошибок #233 завершено
[2025-09-14 17:47:22] Исправление ошибок компиляции завершено
[2025-09-14 17:47:36] Исправление ошибок выполнения завершено
[2025-09-14 17:47:37] Исправление ошибок ассетов завершено
[2025-09-14 17:47:53] Исправление ошибок памяти завершено
[2025-09-14 17:47:53] Исправление ошибок #234 завершено
[2025-09-14 17:48:34] Исправление ошибок компиляции завершено
[2025-09-14 17:48:51] Исправление ошибок выполнения завершено
[2025-09-14 17:48:51] Исправление ошибок ассетов завершено
[2025-09-14 17:49:05] Исправление ошибок памяти завершено
[2025-09-14 17:49:05] Исправление ошибок #235 завершено
[2025-09-14 17:49:47] Исправление ошибок компиляции завершено
[2025-09-14 17:50:01] Исправление ошибок выполнения завершено
[2025-09-14 17:50:01] Исправление ошибок ассетов завершено
[2025-09-14 17:50:17] Исправление ошибок памяти завершено
[2025-09-14 17:50:17] Исправление ошибок #236 завершено
[2025-09-14 17:50:58] Исправление ошибок компиляции завершено
[2025-09-14 17:51:13] Исправление ошибок выполнения завершено
[2025-09-14 17:51:13] Исправление ошибок ассетов завершено
[2025-09-14 17:51:28] Исправление ошибок памяти завершено
[2025-09-14 17:51:28] Исправление ошибок #237 завершено
[2025-09-14 17:52:09] Исправление ошибок компиляции завершено
[2025-09-14 17:52:24] Исправление ошибок выполнения завершено
[2025-09-14 17:52:24] Исправление ошибок ассетов завершено
[2025-09-14 17:52:40] Исправление ошибок памяти завершено
[2025-09-14 17:52:40] Исправление ошибок #238 завершено
[2025-09-14 17:53:20] Исправление ошибок компиляции завершено
[2025-09-14 17:53:37] Исправление ошибок выполнения завершено
[2025-09-14 17:53:37] Исправление ошибок ассетов завершено
[2025-09-14 17:53:53] Исправление ошибок памяти завершено
[2025-09-14 17:53:53] Исправление ошибок #239 завершено
[2025-09-14 17:54:33] Исправление ошибок компиляции завершено
[2025-09-14 17:54:48] Исправление ошибок выполнения завершено
[2025-09-14 17:54:48] Исправление ошибок ассетов завершено
[2025-09-14 17:55:04] Исправление ошибок памяти завершено
[2025-09-14 17:55:04] Исправление ошибок #240 завершено
[2025-09-14 17:55:45] Исправление ошибок компиляции завершено
[2025-09-14 17:56:00] Исправление ошибок выполнения завершено
[2025-09-14 17:56:00] Исправление ошибок ассетов завершено
[2025-09-14 17:56:16] Исправление ошибок памяти завершено
[2025-09-14 17:56:16] Исправление ошибок #241 завершено
[2025-09-14 17:56:56] Исправление ошибок компиляции завершено
[2025-09-14 17:57:12] Исправление ошибок выполнения завершено
[2025-09-14 17:57:12] Исправление ошибок ассетов завершено
[2025-09-14 17:57:27] Исправление ошибок памяти завершено
[2025-09-14 17:57:27] Исправление ошибок #242 завершено
[2025-09-14 17:58:08] Исправление ошибок компиляции завершено
[2025-09-14 17:58:24] Исправление ошибок выполнения завершено
[2025-09-14 17:58:24] Исправление ошибок ассетов завершено
[2025-09-14 17:58:40] Исправление ошибок памяти завершено
[2025-09-14 17:58:40] Исправление ошибок #243 завершено
[2025-09-14 17:59:21] Исправление ошибок компиляции завершено
[2025-09-14 17:59:36] Исправление ошибок выполнения завершено
[2025-09-14 17:59:36] Исправление ошибок ассетов завершено
[2025-09-14 17:59:52] Исправление ошибок памяти завершено
[2025-09-14 17:59:52] Исправление ошибок #244 завершено
[2025-09-14 18:00:32] Исправление ошибок компиляции завершено
[2025-09-14 18:00:48] Исправление ошибок выполнения завершено
[2025-09-14 18:00:48] Исправление ошибок ассетов завершено
[2025-09-14 18:01:03] Исправление ошибок памяти завершено
[2025-09-14 18:01:03] Исправление ошибок #245 завершено
[2025-09-14 18:01:45] Исправление ошибок компиляции завершено
[2025-09-14 18:02:00] Исправление ошибок выполнения завершено
[2025-09-14 18:02:00] Исправление ошибок ассетов завершено
[2025-09-14 18:02:16] Исправление ошибок памяти завершено
[2025-09-14 18:02:16] Исправление ошибок #246 завершено
[2025-09-14 18:02:56] Исправление ошибок компиляции завершено
[2025-09-14 18:03:13] Исправление ошибок выполнения завершено
[2025-09-14 18:03:13] Исправление ошибок ассетов завершено
[2025-09-14 18:03:29] Исправление ошибок памяти завершено
[2025-09-14 18:03:29] Исправление ошибок #247 завершено
[2025-09-14 18:04:09] Исправление ошибок компиляции завершено
[2025-09-14 18:04:25] Исправление ошибок выполнения завершено
[2025-09-14 18:04:26] Исправление ошибок ассетов завершено
[2025-09-14 18:04:40] Исправление ошибок памяти завершено
[2025-09-14 18:04:40] Исправление ошибок #248 завершено
[2025-09-14 18:05:22] Исправление ошибок компиляции завершено
[2025-09-14 18:05:37] Исправление ошибок выполнения завершено
[2025-09-14 18:05:37] Исправление ошибок ассетов завершено
[2025-09-14 18:05:53] Исправление ошибок памяти завершено
[2025-09-14 18:05:53] Исправление ошибок #249 завершено
[2025-09-14 18:06:33] Исправление ошибок компиляции завершено
[2025-09-14 18:06:48] Исправление ошибок выполнения завершено
[2025-09-14 18:06:49] Исправление ошибок ассетов завершено
[2025-09-14 18:07:05] Исправление ошибок памяти завершено
[2025-09-14 18:07:05] Исправление ошибок #250 завершено
[2025-09-14 18:07:46] Исправление ошибок компиляции завершено
[2025-09-14 18:08:01] Исправление ошибок выполнения завершено
[2025-09-14 18:08:01] Исправление ошибок ассетов завершено
[2025-09-14 18:08:18] Исправление ошибок памяти завершено
[2025-09-14 18:08:18] Исправление ошибок #251 завершено
[2025-09-14 18:08:59] Исправление ошибок компиляции завершено
[2025-09-14 18:09:14] Исправление ошибок выполнения завершено
[2025-09-14 18:09:14] Исправление ошибок ассетов завершено
[2025-09-14 18:09:30] Исправление ошибок памяти завершено
[2025-09-14 18:09:30] Исправление ошибок #252 завершено
[2025-09-14 18:10:10] Исправление ошибок компиляции завершено
[2025-09-14 18:10:27] Исправление ошибок выполнения завершено
[2025-09-14 18:10:27] Исправление ошибок ассетов завершено
[2025-09-14 18:10:42] Исправление ошибок памяти завершено
[2025-09-14 18:10:42] Исправление ошибок #253 завершено
[2025-09-14 18:11:22] Исправление ошибок компиляции завершено
[2025-09-14 18:11:37] Исправление ошибок выполнения завершено
[2025-09-14 18:11:37] Исправление ошибок ассетов завершено
[2025-09-14 18:11:54] Исправление ошибок памяти завершено
[2025-09-14 18:11:54] Исправление ошибок #254 завершено
[2025-09-14 18:12:35] Исправление ошибок компиляции завершено
[2025-09-14 18:12:51] Исправление ошибок выполнения завершено
[2025-09-14 18:12:51] Исправление ошибок ассетов завершено
[2025-09-14 18:13:07] Исправление ошибок памяти завершено
[2025-09-14 18:13:07] Исправление ошибок #255 завершено
[2025-09-14 18:13:49] Исправление ошибок компиляции завершено
[2025-09-14 18:14:04] Исправление ошибок выполнения завершено
[2025-09-14 18:14:04] Исправление ошибок ассетов завершено
[2025-09-14 18:14:20] Исправление ошибок памяти завершено
[2025-09-14 18:14:20] Исправление ошибок #256 завершено
[2025-09-14 18:15:00] Исправление ошибок компиляции завершено
[2025-09-14 18:15:16] Исправление ошибок выполнения завершено
[2025-09-14 18:15:17] Исправление ошибок ассетов завершено
[2025-09-14 18:15:32] Исправление ошибок памяти завершено
[2025-09-14 18:15:32] Исправление ошибок #257 завершено
[2025-09-14 18:16:13] Исправление ошибок компиляции завершено
[2025-09-14 18:16:29] Исправление ошибок выполнения завершено
[2025-09-14 18:16:29] Исправление ошибок ассетов завершено
[2025-09-14 18:16:44] Исправление ошибок памяти завершено
[2025-09-14 18:16:44] Исправление ошибок #258 завершено
[2025-09-14 18:17:24] Исправление ошибок компиляции завершено
[2025-09-14 18:17:40] Исправление ошибок выполнения завершено
[2025-09-14 18:17:40] Исправление ошибок ассетов завершено
[2025-09-14 18:17:56] Исправление ошибок памяти завершено
[2025-09-14 18:17:56] Исправление ошибок #259 завершено
[2025-09-14 18:18:36] Исправление ошибок компиляции завершено
[2025-09-14 18:18:52] Исправление ошибок выполнения завершено
[2025-09-14 18:18:53] Исправление ошибок ассетов завершено
[2025-09-14 18:19:08] Исправление ошибок памяти завершено
[2025-09-14 18:19:08] Исправление ошибок #260 завершено
[2025-09-14 18:19:50] Исправление ошибок компиляции завершено
[2025-09-14 18:20:05] Исправление ошибок выполнения завершено
[2025-09-14 18:20:06] Исправление ошибок ассетов завершено
[2025-09-14 18:20:21] Исправление ошибок памяти завершено
[2025-09-14 18:20:21] Исправление ошибок #261 завершено
[2025-09-14 18:21:01] Исправление ошибок компиляции завершено
[2025-09-14 18:21:16] Исправление ошибок выполнения завершено
[2025-09-14 18:21:17] Исправление ошибок ассетов завершено
[2025-09-14 18:21:33] Исправление ошибок памяти завершено
[2025-09-14 18:21:33] Исправление ошибок #262 завершено
[2025-09-14 18:22:14] Исправление ошибок компиляции завершено
[2025-09-14 18:22:30] Исправление ошибок выполнения завершено
[2025-09-14 18:22:30] Исправление ошибок ассетов завершено
[2025-09-14 18:22:46] Исправление ошибок памяти завершено
[2025-09-14 18:22:46] Исправление ошибок #263 завершено
[2025-09-14 18:23:27] Исправление ошибок компиляции завершено
[2025-09-14 18:23:44] Исправление ошибок выполнения завершено
[2025-09-14 18:23:44] Исправление ошибок ассетов завершено
[2025-09-14 18:23:59] Исправление ошибок памяти завершено
[2025-09-14 18:23:59] Исправление ошибок #264 завершено
[2025-09-14 18:24:40] Исправление ошибок компиляции завершено
[2025-09-14 18:24:56] Исправление ошибок выполнения завершено
[2025-09-14 18:24:56] Исправление ошибок ассетов завершено
[2025-09-14 18:25:12] Исправление ошибок памяти завершено
[2025-09-14 18:25:12] Исправление ошибок #265 завершено
[2025-09-14 18:25:52] Исправление ошибок компиляции завершено
[2025-09-14 18:26:08] Исправление ошибок выполнения завершено
[2025-09-14 18:26:08] Исправление ошибок ассетов завершено
[2025-09-14 18:26:24] Исправление ошибок памяти завершено
[2025-09-14 18:26:24] Исправление ошибок #266 завершено
[2025-09-14 18:27:05] Исправление ошибок компиляции завершено
[2025-09-14 18:27:21] Исправление ошибок выполнения завершено
[2025-09-14 18:27:21] Исправление ошибок ассетов завершено
[2025-09-14 18:27:36] Исправление ошибок памяти завершено
[2025-09-14 18:27:36] Исправление ошибок #267 завершено
[2025-09-14 18:28:17] Исправление ошибок компиляции завершено
[2025-09-14 18:28:33] Исправление ошибок выполнения завершено
[2025-09-14 18:28:33] Исправление ошибок ассетов завершено
[2025-09-14 18:28:49] Исправление ошибок памяти завершено
[2025-09-14 18:28:49] Исправление ошибок #268 завершено
[2025-09-14 18:29:29] Исправление ошибок компиляции завершено
[2025-09-14 18:29:47] Исправление ошибок выполнения завершено
[2025-09-14 18:29:47] Исправление ошибок ассетов завершено
[2025-09-14 18:30:03] Исправление ошибок памяти завершено
[2025-09-14 18:30:03] Исправление ошибок #269 завершено
[2025-09-14 18:30:43] Исправление ошибок компиляции завершено
[2025-09-14 18:30:59] Исправление ошибок выполнения завершено
[2025-09-14 18:30:59] Исправление ошибок ассетов завершено
[2025-09-14 18:31:15] Исправление ошибок памяти завершено
[2025-09-14 18:31:15] Исправление ошибок #270 завершено
[2025-09-14 18:31:55] Исправление ошибок компиляции завершено
[2025-09-14 18:32:12] Исправление ошибок выполнения завершено
[2025-09-14 18:32:12] Исправление ошибок ассетов завершено
[2025-09-14 18:32:28] Исправление ошибок памяти завершено
[2025-09-14 18:32:28] Исправление ошибок #271 завершено
[2025-09-14 18:33:08] Исправление ошибок компиляции завершено
[2025-09-14 18:33:25] Исправление ошибок выполнения завершено
[2025-09-14 18:33:25] Исправление ошибок ассетов завершено
[2025-09-14 18:33:41] Исправление ошибок памяти завершено
[2025-09-14 18:33:41] Исправление ошибок #272 завершено
[2025-09-14 18:34:22] Исправление ошибок компиляции завершено
[2025-09-14 18:34:39] Исправление ошибок выполнения завершено
[2025-09-14 18:34:39] Исправление ошибок ассетов завершено
[2025-09-14 18:34:55] Исправление ошибок памяти завершено
[2025-09-14 18:34:55] Исправление ошибок #273 завершено
[2025-09-14 18:35:35] Исправление ошибок компиляции завершено
[2025-09-14 18:35:51] Исправление ошибок выполнения завершено
[2025-09-14 18:35:51] Исправление ошибок ассетов завершено
[2025-09-14 18:36:08] Исправление ошибок памяти завершено
[2025-09-14 18:36:08] Исправление ошибок #274 завершено
[2025-09-14 18:36:48] Исправление ошибок компиляции завершено
[2025-09-14 18:37:05] Исправление ошибок выполнения завершено
[2025-09-14 18:37:05] Исправление ошибок ассетов завершено
[2025-09-14 18:37:20] Исправление ошибок памяти завершено
[2025-09-14 18:37:20] Исправление ошибок #275 завершено
[2025-09-14 18:38:01] Исправление ошибок компиляции завершено
[2025-09-14 18:38:17] Исправление ошибок выполнения завершено
[2025-09-14 18:38:17] Исправление ошибок ассетов завершено
[2025-09-14 18:38:34] Исправление ошибок памяти завершено
[2025-09-14 18:38:34] Исправление ошибок #276 завершено
[2025-09-14 18:39:14] Исправление ошибок компиляции завершено
[2025-09-14 18:39:32] Исправление ошибок выполнения завершено
[2025-09-14 18:39:32] Исправление ошибок ассетов завершено
[2025-09-14 18:39:48] Исправление ошибок памяти завершено
[2025-09-14 18:39:48] Исправление ошибок #277 завершено
[2025-09-14 18:40:28] Исправление ошибок компиляции завершено
[2025-09-14 18:40:46] Исправление ошибок выполнения завершено
[2025-09-14 18:40:46] Исправление ошибок ассетов завершено
[2025-09-14 18:41:02] Исправление ошибок памяти завершено
[2025-09-14 18:41:02] Исправление ошибок #278 завершено
[2025-09-14 18:41:43] Исправление ошибок компиляции завершено
[2025-09-14 18:42:00] Исправление ошибок выполнения завершено
[2025-09-14 18:42:00] Исправление ошибок ассетов завершено
[2025-09-14 18:42:15] Исправление ошибок памяти завершено
[2025-09-14 18:42:16] Исправление ошибок #279 завершено
[2025-09-14 18:42:56] Исправление ошибок компиляции завершено
[2025-09-14 18:43:12] Исправление ошибок выполнения завершено
[2025-09-14 18:43:12] Исправление ошибок ассетов завершено
[2025-09-14 18:43:29] Исправление ошибок памяти завершено
[2025-09-14 18:43:29] Исправление ошибок #280 завершено
[2025-09-14 18:44:12] Исправление ошибок компиляции завершено
[2025-09-14 18:44:37] Исправление ошибок выполнения завершено
[2025-09-14 18:44:37] Исправление ошибок ассетов завершено
[2025-09-14 18:44:54] Исправление ошибок памяти завершено
[2025-09-14 18:44:54] Исправление ошибок #281 завершено
[2025-09-14 18:45:36] Исправление ошибок компиляции завершено
[2025-09-14 18:45:58] Исправление ошибок выполнения завершено
[2025-09-14 18:45:58] Исправление ошибок ассетов завершено
[2025-09-14 18:46:15] Исправление ошибок памяти завершено
[2025-09-14 18:46:15] Исправление ошибок #282 завершено
[2025-09-14 18:46:59] Исправление ошибок компиляции завершено
[2025-09-14 18:47:18] Исправление ошибок выполнения завершено
[2025-09-14 18:47:18] Исправление ошибок ассетов завершено
[2025-09-14 18:47:36] Исправление ошибок памяти завершено
[2025-09-14 18:47:36] Исправление ошибок #283 завершено
[2025-09-14 18:48:19] Исправление ошибок компиляции завершено
[2025-09-14 18:48:42] Исправление ошибок выполнения завершено
[2025-09-14 18:48:42] Исправление ошибок ассетов завершено
[2025-09-14 18:48:59] Исправление ошибок памяти завершено
[2025-09-14 18:48:59] Исправление ошибок #284 завершено
[2025-09-14 18:49:43] Исправление ошибок компиляции завершено
[2025-09-14 18:50:02] Исправление ошибок выполнения завершено
[2025-09-14 18:50:03] Исправление ошибок ассетов завершено
[2025-09-14 18:50:20] Исправление ошибок памяти завершено
[2025-09-14 18:50:20] Исправление ошибок #285 завершено
[2025-09-14 18:51:02] Исправление ошибок компиляции завершено
[2025-09-14 18:51:23] Исправление ошибок выполнения завершено
[2025-09-14 18:51:23] Исправление ошибок ассетов завершено
[2025-09-14 18:51:41] Исправление ошибок памяти завершено
[2025-09-14 18:51:41] Исправление ошибок #286 завершено
[2025-09-14 18:52:24] Исправление ошибок компиляции завершено
[2025-09-14 18:52:45] Исправление ошибок выполнения завершено
[2025-09-14 18:52:45] Исправление ошибок ассетов завершено
[2025-09-14 18:53:03] Исправление ошибок памяти завершено
[2025-09-14 18:53:03] Исправление ошибок #287 завершено
[2025-09-14 18:53:46] Исправление ошибок компиляции завершено
[2025-09-14 18:54:07] Исправление ошибок выполнения завершено
[2025-09-14 18:54:07] Исправление ошибок ассетов завершено
[2025-09-14 18:54:26] Исправление ошибок памяти завершено
[2025-09-14 18:54:26] Исправление ошибок #288 завершено
[2025-09-14 18:55:06] Исправление ошибок компиляции завершено
[2025-09-14 18:55:24] Исправление ошибок выполнения завершено
[2025-09-14 18:55:24] Исправление ошибок ассетов завершено
[2025-09-14 18:55:39] Исправление ошибок памяти завершено
[2025-09-14 18:55:39] Исправление ошибок #289 завершено
[2025-09-14 18:56:21] Исправление ошибок компиляции завершено
[2025-09-14 18:56:37] Исправление ошибок выполнения завершено
[2025-09-14 18:56:37] Исправление ошибок ассетов завершено
[2025-09-14 18:56:53] Исправление ошибок памяти завершено
[2025-09-14 18:56:53] Исправление ошибок #290 завершено
[2025-09-14 18:57:34] Исправление ошибок компиляции завершено
[2025-09-14 18:57:50] Исправление ошибок выполнения завершено
[2025-09-14 18:57:50] Исправление ошибок ассетов завершено
[2025-09-14 18:58:07] Исправление ошибок памяти завершено
[2025-09-14 18:58:07] Исправление ошибок #291 завершено
[2025-09-14 18:58:47] Исправление ошибок компиляции завершено
[2025-09-14 18:59:06] Исправление ошибок выполнения завершено
[2025-09-14 18:59:06] Исправление ошибок ассетов завершено
[2025-09-14 18:59:22] Исправление ошибок памяти завершено
[2025-09-14 18:59:22] Исправление ошибок #292 завершено
[2025-09-14 19:00:04] Исправление ошибок компиляции завершено
[2025-09-14 19:00:20] Исправление ошибок выполнения завершено
[2025-09-14 19:00:20] Исправление ошибок ассетов завершено
[2025-09-14 19:00:37] Исправление ошибок памяти завершено
[2025-09-14 19:00:37] Исправление ошибок #293 завершено
[2025-09-14 19:01:17] Исправление ошибок компиляции завершено
[2025-09-14 19:01:35] Исправление ошибок выполнения завершено
[2025-09-14 19:01:35] Исправление ошибок ассетов завершено
[2025-09-14 19:01:51] Исправление ошибок памяти завершено
[2025-09-14 19:01:51] Исправление ошибок #294 завершено
[2025-09-14 19:02:32] Исправление ошибок компиляции завершено
[2025-09-14 19:02:49] Исправление ошибок выполнения завершено
[2025-09-14 19:02:49] Исправление ошибок ассетов завершено
[2025-09-14 19:03:05] Исправление ошибок памяти завершено
[2025-09-14 19:03:05] Исправление ошибок #295 завершено
[2025-09-14 19:03:45] Исправление ошибок компиляции завершено
[2025-09-14 19:04:02] Исправление ошибок выполнения завершено
[2025-09-14 19:04:02] Исправление ошибок ассетов завершено
[2025-09-14 19:04:19] Исправление ошибок памяти завершено
[2025-09-14 19:04:19] Исправление ошибок #296 завершено
[2025-09-14 19:04:59] Исправление ошибок компиляции завершено
[2025-09-14 19:05:17] Исправление ошибок выполнения завершено
[2025-09-14 19:05:17] Исправление ошибок ассетов завершено
[2025-09-14 19:05:32] Исправление ошибок памяти завершено
[2025-09-14 19:05:32] Исправление ошибок #297 завершено
[2025-09-14 19:06:14] Исправление ошибок компиляции завершено
[2025-09-14 19:06:31] Исправление ошибок выполнения завершено
[2025-09-14 19:06:31] Исправление ошибок ассетов завершено
[2025-09-14 19:06:47] Исправление ошибок памяти завершено
[2025-09-14 19:06:47] Исправление ошибок #298 завершено
[2025-09-14 19:07:28] Исправление ошибок компиляции завершено
[2025-09-14 19:07:44] Исправление ошибок выполнения завершено
[2025-09-14 19:07:45] Исправление ошибок ассетов завершено
[2025-09-14 19:08:01] Исправление ошибок памяти завершено
[2025-09-14 19:08:01] Исправление ошибок #299 завершено
[2025-09-14 19:08:42] Исправление ошибок компиляции завершено
[2025-09-14 19:08:59] Исправление ошибок выполнения завершено
[2025-09-14 19:09:00] Исправление ошибок ассетов завершено
[2025-09-14 19:09:16] Исправление ошибок памяти завершено
[2025-09-14 19:09:16] Исправление ошибок #300 завершено
[2025-09-14 19:09:58] Исправление ошибок компиляции завершено
[2025-09-14 19:10:20] Исправление ошибок выполнения завершено
[2025-09-14 19:10:20] Исправление ошибок ассетов завершено
[2025-09-14 19:10:37] Исправление ошибок памяти завершено
[2025-09-14 19:10:37] Исправление ошибок #301 завершено
[2025-09-14 19:13:04] Исправление ошибок компиляции завершено
[2025-09-14 19:13:47] Исправление ошибок выполнения завершено
[2025-09-14 19:13:49] Исправление ошибок ассетов завершено
[2025-09-14 19:14:34] Исправление ошибок памяти завершено
[2025-09-14 19:14:34] Исправление ошибок #305 завершено
[2025-09-14 19:18:30] Исправление ошибок компиляции завершено
[2025-09-14 19:18:57] Исправление ошибок выполнения завершено
[2025-09-14 19:18:58] Исправление ошибок ассетов завершено
[2025-09-16 06:42:55] Исправление ошибок компиляции завершено
[2025-09-16 06:43:25] Исправление ошибок выполнения завершено
[2025-09-16 06:43:26] Исправление ошибок ассетов завершено
[2025-09-16 06:43:51] Исправление ошибок памяти завершено
